CRITICAL - 2021-01-06 11:53:00 --> syntax error, unexpected 'if' (T_IF), expecting function (T_FUNCTION) or const (T_CONST)
#0 /Applications/XAMPP/xamppfiles/htdocs/coach/system/Autoloader/Autoloader.php(296): CodeIgniter\Autoloader\Autoloader->requireFile('/Applications/X...')
#1 /Applications/XAMPP/xamppfiles/htdocs/coach/system/Autoloader/Autoloader.php(258): CodeIgniter\Autoloader\Autoloader->loadInNamespace('App\\Controllers...')
#2 [internal function]: CodeIgniter\Autoloader\Autoloader->loadClass('App\\Controllers...')
#3 [internal function]: spl_autoload_call('App\\Controllers...')
#4 /Applications/XAMPP/xamppfiles/htdocs/coach/system/CodeIgniter.php(869): class_exists('\\App\\Controller...', true)
#5 /Applications/XAMPP/xamppfiles/htdocs/coach/system/CodeIgniter.php(394): CodeIgniter\CodeIgniter->startController()
#6 /Applications/XAMPP/xamppfiles/htdocs/coach/system/CodeIgniter.php(312): CodeIgniter\CodeIgniter->handleRequest(NULL, Object(Config\Cache), false)
#7 /Applications/XAMPP/xamppfiles/htdocs/coach/public/index.php(45): CodeIgniter\CodeIgniter->run()
#8 /Applications/XAMPP/xamppfiles/htdocs/coach/system/Commands/Server/rewrite.php(34): require_once('/Applications/X...')
#9 {main}
CRITICAL - 2021-01-06 12:04:02 --> Unknown column 'email' in 'where clause'
#0 /Applications/XAMPP/xamppfiles/htdocs/coach/system/Database/MySQLi/Connection.php(331): mysqli->query('SELECT 1\nFROM `...')
#1 /Applications/XAMPP/xamppfiles/htdocs/coach/system/Database/BaseConnection.php(741): CodeIgniter\Database\MySQLi\Connection->execute('SELECT 1\nFROM `...')
#2 /Applications/XAMPP/xamppfiles/htdocs/coach/system/Database/BaseConnection.php(669): CodeIgniter\Database\BaseConnection->simpleQuery('SELECT 1\nFROM `...')
#3 /Applications/XAMPP/xamppfiles/htdocs/coach/system/Database/BaseBuilder.php(1860): CodeIgniter\Database\BaseConnection->query('SELECT 1\nFROM `...', Array, false)
#4 /Applications/XAMPP/xamppfiles/htdocs/coach/system/Validation/Rules.php(240): CodeIgniter\Database\BaseBuilder->get()
#5 /Applications/XAMPP/xamppfiles/htdocs/coach/system/Validation/Validation.php(325): CodeIgniter\Validation\Rules->is_unique('admin@gmail.com', 'email', Array, NULL)
#6 /Applications/XAMPP/xamppfiles/htdocs/coach/system/Validation/Validation.php(189): CodeIgniter\Validation\Validation->processRules('email', 'email', 'admin@gmail.com', Array, Array)
#7 /Applications/XAMPP/xamppfiles/htdocs/coach/system/Model.php(1505): CodeIgniter\Validation\Validation->run(Array, NULL, NULL)
#8 /Applications/XAMPP/xamppfiles/htdocs/coach/system/Model.php(727): CodeIgniter\Model->validate(Array)
#9 /Applications/XAMPP/xamppfiles/htdocs/coach/system/Model.php(574): CodeIgniter\Model->insert(Array, false)
#10 /Applications/XAMPP/xamppfiles/htdocs/coach/app/Controllers/Register.php(54): CodeIgniter\Model->save(Array)
#11 /Applications/XAMPP/xamppfiles/htdocs/coach/system/CodeIgniter.php(918): App\Controllers\Register->store()
#12 /Applications/XAMPP/xamppfiles/htdocs/coach/system/CodeIgniter.php(404): CodeIgniter\CodeIgniter->runController(Object(App\Controllers\Register))
#13 /Applications/XAMPP/xamppfiles/htdocs/coach/system/CodeIgniter.php(312): CodeIgniter\CodeIgniter->handleRequest(NULL, Object(Config\Cache), false)
#14 /Applications/XAMPP/xamppfiles/htdocs/coach/public/index.php(45): CodeIgniter\CodeIgniter->run()
#15 /Applications/XAMPP/xamppfiles/htdocs/coach/system/Commands/Server/rewrite.php(34): require_once('/Applications/X...')
#16 {main}
CRITICAL - 2021-01-06 12:05:49 --> Unknown column 'email' in 'where clause'
#0 /Applications/XAMPP/xamppfiles/htdocs/coach/system/Database/MySQLi/Connection.php(331): mysqli->query('SELECT 1\nFROM `...')
#1 /Applications/XAMPP/xamppfiles/htdocs/coach/system/Database/BaseConnection.php(741): CodeIgniter\Database\MySQLi\Connection->execute('SELECT 1\nFROM `...')
#2 /Applications/XAMPP/xamppfiles/htdocs/coach/system/Database/BaseConnection.php(669): CodeIgniter\Database\BaseConnection->simpleQuery('SELECT 1\nFROM `...')
#3 /Applications/XAMPP/xamppfiles/htdocs/coach/system/Database/BaseBuilder.php(1860): CodeIgniter\Database\BaseConnection->query('SELECT 1\nFROM `...', Array, false)
#4 /Applications/XAMPP/xamppfiles/htdocs/coach/system/Validation/Rules.php(240): CodeIgniter\Database\BaseBuilder->get()
#5 /Applications/XAMPP/xamppfiles/htdocs/coach/system/Validation/Validation.php(325): CodeIgniter\Validation\Rules->is_unique('admin@gmail.com', 'email', Array, NULL)
#6 /Applications/XAMPP/xamppfiles/htdocs/coach/system/Validation/Validation.php(189): CodeIgniter\Validation\Validation->processRules('email', 'email', 'admin@gmail.com', Array, Array)
#7 /Applications/XAMPP/xamppfiles/htdocs/coach/system/Model.php(1505): CodeIgniter\Validation\Validation->run(Array, NULL, NULL)
#8 /Applications/XAMPP/xamppfiles/htdocs/coach/system/Model.php(727): CodeIgniter\Model->validate(Array)
#9 /Applications/XAMPP/xamppfiles/htdocs/coach/system/Model.php(574): CodeIgniter\Model->insert(Array, false)
#10 /Applications/XAMPP/xamppfiles/htdocs/coach/app/Controllers/Register.php(56): CodeIgniter\Model->save(Array)
#11 /Applications/XAMPP/xamppfiles/htdocs/coach/system/CodeIgniter.php(918): App\Controllers\Register->store()
#12 /Applications/XAMPP/xamppfiles/htdocs/coach/system/CodeIgniter.php(404): CodeIgniter\CodeIgniter->runController(Object(App\Controllers\Register))
#13 /Applications/XAMPP/xamppfiles/htdocs/coach/system/CodeIgniter.php(312): CodeIgniter\CodeIgniter->handleRequest(NULL, Object(Config\Cache), false)
#14 /Applications/XAMPP/xamppfiles/htdocs/coach/public/index.php(45): CodeIgniter\CodeIgniter->run()
#15 /Applications/XAMPP/xamppfiles/htdocs/coach/system/Commands/Server/rewrite.php(34): require_once('/Applications/X...')
#16 {main}
CRITICAL - 2021-01-06 12:05:50 --> Unknown column 'email' in 'where clause'
#0 /Applications/XAMPP/xamppfiles/htdocs/coach/system/Database/MySQLi/Connection.php(331): mysqli->query('SELECT 1\nFROM `...')
#1 /Applications/XAMPP/xamppfiles/htdocs/coach/system/Database/BaseConnection.php(741): CodeIgniter\Database\MySQLi\Connection->execute('SELECT 1\nFROM `...')
#2 /Applications/XAMPP/xamppfiles/htdocs/coach/system/Database/BaseConnection.php(669): CodeIgniter\Database\BaseConnection->simpleQuery('SELECT 1\nFROM `...')
#3 /Applications/XAMPP/xamppfiles/htdocs/coach/system/Database/BaseBuilder.php(1860): CodeIgniter\Database\BaseConnection->query('SELECT 1\nFROM `...', Array, false)
#4 /Applications/XAMPP/xamppfiles/htdocs/coach/system/Validation/Rules.php(240): CodeIgniter\Database\BaseBuilder->get()
#5 /Applications/XAMPP/xamppfiles/htdocs/coach/system/Validation/Validation.php(325): CodeIgniter\Validation\Rules->is_unique('admin@gmail.com', 'email', Array, NULL)
#6 /Applications/XAMPP/xamppfiles/htdocs/coach/system/Validation/Validation.php(189): CodeIgniter\Validation\Validation->processRules('email', 'email', 'admin@gmail.com', Array, Array)
#7 /Applications/XAMPP/xamppfiles/htdocs/coach/system/Model.php(1505): CodeIgniter\Validation\Validation->run(Array, NULL, NULL)
#8 /Applications/XAMPP/xamppfiles/htdocs/coach/system/Model.php(727): CodeIgniter\Model->validate(Array)
#9 /Applications/XAMPP/xamppfiles/htdocs/coach/system/Model.php(574): CodeIgniter\Model->insert(Array, false)
#10 /Applications/XAMPP/xamppfiles/htdocs/coach/app/Controllers/Register.php(56): CodeIgniter\Model->save(Array)
#11 /Applications/XAMPP/xamppfiles/htdocs/coach/system/CodeIgniter.php(918): App\Controllers\Register->store()
#12 /Applications/XAMPP/xamppfiles/htdocs/coach/system/CodeIgniter.php(404): CodeIgniter\CodeIgniter->runController(Object(App\Controllers\Register))
#13 /Applications/XAMPP/xamppfiles/htdocs/coach/system/CodeIgniter.php(312): CodeIgniter\CodeIgniter->handleRequest(NULL, Object(Config\Cache), false)
#14 /Applications/XAMPP/xamppfiles/htdocs/coach/public/index.php(45): CodeIgniter\CodeIgniter->run()
#15 /Applications/XAMPP/xamppfiles/htdocs/coach/system/Commands/Server/rewrite.php(34): require_once('/Applications/X...')
#16 {main}
CRITICAL - 2021-01-06 12:07:17 --> Unknown column 'email' in 'where clause'
#0 /Applications/XAMPP/xamppfiles/htdocs/coach/system/Database/MySQLi/Connection.php(331): mysqli->query('SELECT 1\nFROM `...')
#1 /Applications/XAMPP/xamppfiles/htdocs/coach/system/Database/BaseConnection.php(741): CodeIgniter\Database\MySQLi\Connection->execute('SELECT 1\nFROM `...')
#2 /Applications/XAMPP/xamppfiles/htdocs/coach/system/Database/BaseConnection.php(669): CodeIgniter\Database\BaseConnection->simpleQuery('SELECT 1\nFROM `...')
#3 /Applications/XAMPP/xamppfiles/htdocs/coach/system/Database/BaseBuilder.php(1860): CodeIgniter\Database\BaseConnection->query('SELECT 1\nFROM `...', Array, false)
#4 /Applications/XAMPP/xamppfiles/htdocs/coach/system/Validation/Rules.php(240): CodeIgniter\Database\BaseBuilder->get()
#5 /Applications/XAMPP/xamppfiles/htdocs/coach/system/Validation/Validation.php(325): CodeIgniter\Validation\Rules->is_unique('admin@gmail.com', 'email', Array, NULL)
#6 /Applications/XAMPP/xamppfiles/htdocs/coach/system/Validation/Validation.php(189): CodeIgniter\Validation\Validation->processRules('email', 'email', 'admin@gmail.com', Array, Array)
#7 /Applications/XAMPP/xamppfiles/htdocs/coach/system/Model.php(1505): CodeIgniter\Validation\Validation->run(Array, NULL, NULL)
#8 /Applications/XAMPP/xamppfiles/htdocs/coach/system/Model.php(727): CodeIgniter\Model->validate(Array)
#9 /Applications/XAMPP/xamppfiles/htdocs/coach/system/Model.php(574): CodeIgniter\Model->insert(Array, false)
#10 /Applications/XAMPP/xamppfiles/htdocs/coach/app/Controllers/Register.php(56): CodeIgniter\Model->save(Array)
#11 /Applications/XAMPP/xamppfiles/htdocs/coach/system/CodeIgniter.php(918): App\Controllers\Register->store()
#12 /Applications/XAMPP/xamppfiles/htdocs/coach/system/CodeIgniter.php(404): CodeIgniter\CodeIgniter->runController(Object(App\Controllers\Register))
#13 /Applications/XAMPP/xamppfiles/htdocs/coach/system/CodeIgniter.php(312): CodeIgniter\CodeIgniter->handleRequest(NULL, Object(Config\Cache), false)
#14 /Applications/XAMPP/xamppfiles/htdocs/coach/public/index.php(45): CodeIgniter\CodeIgniter->run()
#15 /Applications/XAMPP/xamppfiles/htdocs/coach/system/Commands/Server/rewrite.php(34): require_once('/Applications/X...')
#16 {main}
CRITICAL - 2021-01-06 12:35:08 --> Unknown column 'email' in 'where clause'
#0 /Applications/XAMPP/xamppfiles/htdocs/coach/system/Database/MySQLi/Connection.php(331): mysqli->query('SELECT 1\nFROM `...')
#1 /Applications/XAMPP/xamppfiles/htdocs/coach/system/Database/BaseConnection.php(741): CodeIgniter\Database\MySQLi\Connection->execute('SELECT 1\nFROM `...')
#2 /Applications/XAMPP/xamppfiles/htdocs/coach/system/Database/BaseConnection.php(669): CodeIgniter\Database\BaseConnection->simpleQuery('SELECT 1\nFROM `...')
#3 /Applications/XAMPP/xamppfiles/htdocs/coach/system/Database/BaseBuilder.php(1860): CodeIgniter\Database\BaseConnection->query('SELECT 1\nFROM `...', Array, false)
#4 /Applications/XAMPP/xamppfiles/htdocs/coach/system/Validation/Rules.php(240): CodeIgniter\Database\BaseBuilder->get()
#5 /Applications/XAMPP/xamppfiles/htdocs/coach/system/Validation/Validation.php(325): CodeIgniter\Validation\Rules->is_unique('admin@gmail.com', 'email', Array, NULL)
#6 /Applications/XAMPP/xamppfiles/htdocs/coach/system/Validation/Validation.php(189): CodeIgniter\Validation\Validation->processRules('email', 'email', 'admin@gmail.com', Array, Array)
#7 /Applications/XAMPP/xamppfiles/htdocs/coach/system/Model.php(1505): CodeIgniter\Validation\Validation->run(Array, NULL, NULL)
#8 /Applications/XAMPP/xamppfiles/htdocs/coach/system/Model.php(727): CodeIgniter\Model->validate(Array)
#9 /Applications/XAMPP/xamppfiles/htdocs/coach/system/Model.php(574): CodeIgniter\Model->insert(Array, false)
#10 /Applications/XAMPP/xamppfiles/htdocs/coach/app/Controllers/Register.php(56): CodeIgniter\Model->save(Array)
#11 /Applications/XAMPP/xamppfiles/htdocs/coach/system/CodeIgniter.php(918): App\Controllers\Register->store()
#12 /Applications/XAMPP/xamppfiles/htdocs/coach/system/CodeIgniter.php(404): CodeIgniter\CodeIgniter->runController(Object(App\Controllers\Register))
#13 /Applications/XAMPP/xamppfiles/htdocs/coach/system/CodeIgniter.php(312): CodeIgniter\CodeIgniter->handleRequest(NULL, Object(Config\Cache), false)
#14 /Applications/XAMPP/xamppfiles/htdocs/coach/public/index.php(45): CodeIgniter\CodeIgniter->run()
#15 /Applications/XAMPP/xamppfiles/htdocs/coach/system/Commands/Server/rewrite.php(34): require_once('/Applications/X...')
#16 {main}
CRITICAL - 2021-01-06 12:35:57 --> Unknown column 'email' in 'where clause'
#0 /Applications/XAMPP/xamppfiles/htdocs/coach/system/Database/MySQLi/Connection.php(331): mysqli->query('SELECT 1\nFROM `...')
#1 /Applications/XAMPP/xamppfiles/htdocs/coach/system/Database/BaseConnection.php(741): CodeIgniter\Database\MySQLi\Connection->execute('SELECT 1\nFROM `...')
#2 /Applications/XAMPP/xamppfiles/htdocs/coach/system/Database/BaseConnection.php(669): CodeIgniter\Database\BaseConnection->simpleQuery('SELECT 1\nFROM `...')
#3 /Applications/XAMPP/xamppfiles/htdocs/coach/system/Database/BaseBuilder.php(1860): CodeIgniter\Database\BaseConnection->query('SELECT 1\nFROM `...', Array, false)
#4 /Applications/XAMPP/xamppfiles/htdocs/coach/system/Validation/Rules.php(240): CodeIgniter\Database\BaseBuilder->get()
#5 /Applications/XAMPP/xamppfiles/htdocs/coach/system/Validation/Validation.php(325): CodeIgniter\Validation\Rules->is_unique('admin@gmail.com', 'email', Array, NULL)
#6 /Applications/XAMPP/xamppfiles/htdocs/coach/system/Validation/Validation.php(189): CodeIgniter\Validation\Validation->processRules('email', 'email', 'admin@gmail.com', Array, Array)
#7 /Applications/XAMPP/xamppfiles/htdocs/coach/system/Model.php(1505): CodeIgniter\Validation\Validation->run(Array, NULL, NULL)
#8 /Applications/XAMPP/xamppfiles/htdocs/coach/system/Model.php(727): CodeIgniter\Model->validate(Array)
#9 /Applications/XAMPP/xamppfiles/htdocs/coach/system/Model.php(574): CodeIgniter\Model->insert(Array, false)
#10 /Applications/XAMPP/xamppfiles/htdocs/coach/app/Controllers/Register.php(56): CodeIgniter\Model->save(Array)
#11 /Applications/XAMPP/xamppfiles/htdocs/coach/system/CodeIgniter.php(918): App\Controllers\Register->store()
#12 /Applications/XAMPP/xamppfiles/htdocs/coach/system/CodeIgniter.php(404): CodeIgniter\CodeIgniter->runController(Object(App\Controllers\Register))
#13 /Applications/XAMPP/xamppfiles/htdocs/coach/system/CodeIgniter.php(312): CodeIgniter\CodeIgniter->handleRequest(NULL, Object(Config\Cache), false)
#14 /Applications/XAMPP/xamppfiles/htdocs/coach/public/index.php(45): CodeIgniter\CodeIgniter->run()
#15 /Applications/XAMPP/xamppfiles/htdocs/coach/system/Commands/Server/rewrite.php(34): require_once('/Applications/X...')
#16 {main}
CRITICAL - 2021-01-06 12:40:52 --> Unknown column 'email' in 'where clause'
#0 /Applications/XAMPP/xamppfiles/htdocs/coach/system/Database/MySQLi/Connection.php(331): mysqli->query('SELECT *\nFROM `...')
#1 /Applications/XAMPP/xamppfiles/htdocs/coach/system/Database/BaseConnection.php(741): CodeIgniter\Database\MySQLi\Connection->execute('SELECT *\nFROM `...')
#2 /Applications/XAMPP/xamppfiles/htdocs/coach/system/Database/BaseConnection.php(669): CodeIgniter\Database\BaseConnection->simpleQuery('SELECT *\nFROM `...')
#3 /Applications/XAMPP/xamppfiles/htdocs/coach/system/Database/BaseBuilder.php(1860): CodeIgniter\Database\BaseConnection->query('SELECT *\nFROM `...', Array, false)
#4 /Applications/XAMPP/xamppfiles/htdocs/coach/system/Model.php(506): CodeIgniter\Database\BaseBuilder->get()
#5 /Applications/XAMPP/xamppfiles/htdocs/coach/app/Controllers/Login.php(52): CodeIgniter\Model->first()
#6 /Applications/XAMPP/xamppfiles/htdocs/coach/system/CodeIgniter.php(918): App\Controllers\Login->login()
#7 /Applications/XAMPP/xamppfiles/htdocs/coach/system/CodeIgniter.php(404): CodeIgniter\CodeIgniter->runController(Object(App\Controllers\Login))
#8 /Applications/XAMPP/xamppfiles/htdocs/coach/system/CodeIgniter.php(312): CodeIgniter\CodeIgniter->handleRequest(NULL, Object(Config\Cache), false)
#9 /Applications/XAMPP/xamppfiles/htdocs/coach/public/index.php(45): CodeIgniter\CodeIgniter->run()
#10 /Applications/XAMPP/xamppfiles/htdocs/coach/system/Commands/Server/rewrite.php(34): require_once('/Applications/X...')
#11 {main}
CRITICAL - 2021-01-06 12:41:09 --> Unknown column 'email' in 'where clause'
#0 /Applications/XAMPP/xamppfiles/htdocs/coach/system/Database/MySQLi/Connection.php(331): mysqli->query('SELECT *\nFROM `...')
#1 /Applications/XAMPP/xamppfiles/htdocs/coach/system/Database/BaseConnection.php(741): CodeIgniter\Database\MySQLi\Connection->execute('SELECT *\nFROM `...')
#2 /Applications/XAMPP/xamppfiles/htdocs/coach/system/Database/BaseConnection.php(669): CodeIgniter\Database\BaseConnection->simpleQuery('SELECT *\nFROM `...')
#3 /Applications/XAMPP/xamppfiles/htdocs/coach/system/Database/BaseBuilder.php(1860): CodeIgniter\Database\BaseConnection->query('SELECT *\nFROM `...', Array, false)
#4 /Applications/XAMPP/xamppfiles/htdocs/coach/system/Model.php(506): CodeIgniter\Database\BaseBuilder->get()
#5 /Applications/XAMPP/xamppfiles/htdocs/coach/app/Controllers/Login.php(52): CodeIgniter\Model->first()
#6 /Applications/XAMPP/xamppfiles/htdocs/coach/system/CodeIgniter.php(918): App\Controllers\Login->login()
#7 /Applications/XAMPP/xamppfiles/htdocs/coach/system/CodeIgniter.php(404): CodeIgniter\CodeIgniter->runController(Object(App\Controllers\Login))
#8 /Applications/XAMPP/xamppfiles/htdocs/coach/system/CodeIgniter.php(312): CodeIgniter\CodeIgniter->handleRequest(NULL, Object(Config\Cache), false)
#9 /Applications/XAMPP/xamppfiles/htdocs/coach/public/index.php(45): CodeIgniter\CodeIgniter->run()
#10 /Applications/XAMPP/xamppfiles/htdocs/coach/system/Commands/Server/rewrite.php(34): require_once('/Applications/X...')
#11 {main}
CRITICAL - 2021-01-06 12:42:25 --> Unknown column 'email' in 'where clause'
#0 /Applications/XAMPP/xamppfiles/htdocs/coach/system/Database/MySQLi/Connection.php(331): mysqli->query('SELECT *\nFROM `...')
#1 /Applications/XAMPP/xamppfiles/htdocs/coach/system/Database/BaseConnection.php(741): CodeIgniter\Database\MySQLi\Connection->execute('SELECT *\nFROM `...')
#2 /Applications/XAMPP/xamppfiles/htdocs/coach/system/Database/BaseConnection.php(669): CodeIgniter\Database\BaseConnection->simpleQuery('SELECT *\nFROM `...')
#3 /Applications/XAMPP/xamppfiles/htdocs/coach/system/Database/BaseBuilder.php(1860): CodeIgniter\Database\BaseConnection->query('SELECT *\nFROM `...', Array, false)
#4 /Applications/XAMPP/xamppfiles/htdocs/coach/system/Model.php(506): CodeIgniter\Database\BaseBuilder->get()
#5 /Applications/XAMPP/xamppfiles/htdocs/coach/app/Controllers/Login.php(52): CodeIgniter\Model->first()
#6 /Applications/XAMPP/xamppfiles/htdocs/coach/system/CodeIgniter.php(918): App\Controllers\Login->login()
#7 /Applications/XAMPP/xamppfiles/htdocs/coach/system/CodeIgniter.php(404): CodeIgniter\CodeIgniter->runController(Object(App\Controllers\Login))
#8 /Applications/XAMPP/xamppfiles/htdocs/coach/system/CodeIgniter.php(312): CodeIgniter\CodeIgniter->handleRequest(NULL, Object(Config\Cache), false)
#9 /Applications/XAMPP/xamppfiles/htdocs/coach/public/index.php(45): CodeIgniter\CodeIgniter->run()
#10 /Applications/XAMPP/xamppfiles/htdocs/coach/system/Commands/Server/rewrite.php(34): require_once('/Applications/X...')
#11 {main}
CRITICAL - 2021-01-06 12:59:16 --> Call to undefined method CodeIgniter\View\View::session()
#0 /Applications/XAMPP/xamppfiles/htdocs/coach/system/View/View.php(246): include()
#1 /Applications/XAMPP/xamppfiles/htdocs/coach/system/Common.php(1119): CodeIgniter\View\View->render('pages/home', Array, true)
#2 /Applications/XAMPP/xamppfiles/htdocs/coach/app/Controllers/Admin.php(21): view('pages/home', Array)
#3 /Applications/XAMPP/xamppfiles/htdocs/coach/system/CodeIgniter.php(918): App\Controllers\Admin->index()
#4 /Applications/XAMPP/xamppfiles/htdocs/coach/system/CodeIgniter.php(404): CodeIgniter\CodeIgniter->runController(Object(App\Controllers\Admin))
#5 /Applications/XAMPP/xamppfiles/htdocs/coach/system/CodeIgniter.php(312): CodeIgniter\CodeIgniter->handleRequest(NULL, Object(Config\Cache), false)
#6 /Applications/XAMPP/xamppfiles/htdocs/coach/public/index.php(45): CodeIgniter\CodeIgniter->run()
#7 /Applications/XAMPP/xamppfiles/htdocs/coach/system/Commands/Server/rewrite.php(34): require_once('/Applications/X...')
#8 {main}
CRITICAL - 2021-01-06 15:09:19 --> Undefined variable: navv
#0 /Applications/XAMPP/xamppfiles/htdocs/coach/app/Views/layout/navbar.php(171): CodeIgniter\Debug\Exceptions->errorHandler(8, 'Undefined varia...', '/Applications/X...', 171, Array)
#1 /Applications/XAMPP/xamppfiles/htdocs/coach/system/View/View.php(246): include('/Applications/X...')
#2 /Applications/XAMPP/xamppfiles/htdocs/coach/system/View/View.php(525): CodeIgniter\View\View->render('layout/navbar', NULL, true)
#3 /Applications/XAMPP/xamppfiles/htdocs/coach/app/Views/layout/template.php(21): CodeIgniter\View\View->include('layout/navbar')
#4 /Applications/XAMPP/xamppfiles/htdocs/coach/system/View/View.php(246): include('/Applications/X...')
#5 /Applications/XAMPP/xamppfiles/htdocs/coach/system/View/View.php(257): CodeIgniter\View\View->render('layout/template', Array, true)
#6 /Applications/XAMPP/xamppfiles/htdocs/coach/system/Common.php(1119): CodeIgniter\View\View->render('pages/home', Array, true)
#7 /Applications/XAMPP/xamppfiles/htdocs/coach/app/Controllers/Admin.php(21): view('pages/home', Array)
#8 /Applications/XAMPP/xamppfiles/htdocs/coach/system/CodeIgniter.php(918): App\Controllers\Admin->index()
#9 /Applications/XAMPP/xamppfiles/htdocs/coach/system/CodeIgniter.php(404): CodeIgniter\CodeIgniter->runController(Object(App\Controllers\Admin))
#10 /Applications/XAMPP/xamppfiles/htdocs/coach/system/CodeIgniter.php(312): CodeIgniter\CodeIgniter->handleRequest(NULL, Object(Config\Cache), false)
#11 /Applications/XAMPP/xamppfiles/htdocs/coach/public/index.php(45): CodeIgniter\CodeIgniter->run()
#12 /Applications/XAMPP/xamppfiles/htdocs/coach/system/Commands/Server/rewrite.php(34): require_once('/Applications/X...')
#13 {main}
CRITICAL - 2021-01-06 15:10:47 --> Cannot use App\Models\MateriModel as MateriModel because the name is already in use
#0 [internal function]: CodeIgniter\Debug\Exceptions->shutdownHandler()
#1 {main}
CRITICAL - 2021-01-06 15:11:12 --> Table 'ci4_crud_restapi_flutter.coaching' doesn't exist
#0 /Applications/XAMPP/xamppfiles/htdocs/coach/system/Database/MySQLi/Connection.php(331): mysqli->query('SELECT *\nFROM `...')
#1 /Applications/XAMPP/xamppfiles/htdocs/coach/system/Database/BaseConnection.php(741): CodeIgniter\Database\MySQLi\Connection->execute('SELECT *\nFROM `...')
#2 /Applications/XAMPP/xamppfiles/htdocs/coach/system/Database/BaseConnection.php(669): CodeIgniter\Database\BaseConnection->simpleQuery('SELECT *\nFROM `...')
#3 /Applications/XAMPP/xamppfiles/htdocs/coach/system/Database/BaseBuilder.php(1860): CodeIgniter\Database\BaseConnection->query('SELECT *\nFROM `...', Array, false)
#4 /Applications/XAMPP/xamppfiles/htdocs/coach/system/Model.php(462): CodeIgniter\Database\BaseBuilder->get()
#5 /Applications/XAMPP/xamppfiles/htdocs/coach/app/Controllers/Admin.php(51): CodeIgniter\Model->findAll()
#6 /Applications/XAMPP/xamppfiles/htdocs/coach/system/CodeIgniter.php(918): App\Controllers\Admin->listmateri()
#7 /Applications/XAMPP/xamppfiles/htdocs/coach/system/CodeIgniter.php(404): CodeIgniter\CodeIgniter->runController(Object(App\Controllers\Admin))
#8 /Applications/XAMPP/xamppfiles/htdocs/coach/system/CodeIgniter.php(312): CodeIgniter\CodeIgniter->handleRequest(NULL, Object(Config\Cache), false)
#9 /Applications/XAMPP/xamppfiles/htdocs/coach/public/index.php(45): CodeIgniter\CodeIgniter->run()
#10 /Applications/XAMPP/xamppfiles/htdocs/coach/system/Commands/Server/rewrite.php(34): require_once('/Applications/X...')
#11 {main}
CRITICAL - 2021-01-06 15:20:45 --> Invalid file: pages/dashboardcoach.php
#0 /Applications/XAMPP/xamppfiles/htdocs/coach/system/View/View.php(228): CodeIgniter\Exceptions\FrameworkException::forInvalidFile('pages/dashboard...')
#1 /Applications/XAMPP/xamppfiles/htdocs/coach/system/Common.php(1119): CodeIgniter\View\View->render('pages/dashboard...', Array, true)
#2 /Applications/XAMPP/xamppfiles/htdocs/coach/app/Controllers/Coach.php(41): view('pages/dashboard...', Array)
#3 /Applications/XAMPP/xamppfiles/htdocs/coach/system/CodeIgniter.php(918): App\Controllers\Coach->index()
#4 /Applications/XAMPP/xamppfiles/htdocs/coach/system/CodeIgniter.php(404): CodeIgniter\CodeIgniter->runController(Object(App\Controllers\Coach))
#5 /Applications/XAMPP/xamppfiles/htdocs/coach/system/CodeIgniter.php(312): CodeIgniter\CodeIgniter->handleRequest(NULL, Object(Config\Cache), false)
#6 /Applications/XAMPP/xamppfiles/htdocs/coach/public/index.php(45): CodeIgniter\CodeIgniter->run()
#7 /Applications/XAMPP/xamppfiles/htdocs/coach/system/Commands/Server/rewrite.php(34): require_once('/Applications/X...')
#8 {main}
CRITICAL - 2021-01-06 16:01:19 --> Undefined variable: list
#0 /Applications/XAMPP/xamppfiles/htdocs/coach/app/Views/pages/listmatericoach.php(32): CodeIgniter\Debug\Exceptions->errorHandler(8, 'Undefined varia...', '/Applications/X...', 32, Array)
#1 /Applications/XAMPP/xamppfiles/htdocs/coach/system/View/View.php(246): include('/Applications/X...')
#2 /Applications/XAMPP/xamppfiles/htdocs/coach/system/Common.php(1119): CodeIgniter\View\View->render('pages/listmater...', Array, true)
#3 /Applications/XAMPP/xamppfiles/htdocs/coach/app/Controllers/Coach.php(57): view('pages/listmater...', Array)
#4 /Applications/XAMPP/xamppfiles/htdocs/coach/system/CodeIgniter.php(918): App\Controllers\Coach->listmatericoach()
#5 /Applications/XAMPP/xamppfiles/htdocs/coach/system/CodeIgniter.php(404): CodeIgniter\CodeIgniter->runController(Object(App\Controllers\Coach))
#6 /Applications/XAMPP/xamppfiles/htdocs/coach/system/CodeIgniter.php(312): CodeIgniter\CodeIgniter->handleRequest(NULL, Object(Config\Cache), false)
#7 /Applications/XAMPP/xamppfiles/htdocs/coach/public/index.php(45): CodeIgniter\CodeIgniter->run()
#8 /Applications/XAMPP/xamppfiles/htdocs/coach/system/Commands/Server/rewrite.php(34): require_once('/Applications/X...')
#9 {main}
