CRITICAL - 2021-01-08 02:56:59 --> Table 'ci4_crud_restapi_flutter.materi' doesn't exist
#0 C:\xampp\htdocs\coaching-clinic-rest-api-master\system\Database\MySQLi\Connection.php(331): mysqli->query('SELECT *\nFROM `...')
#1 C:\xampp\htdocs\coaching-clinic-rest-api-master\system\Database\BaseConnection.php(741): CodeIgniter\Database\MySQLi\Connection->execute('SELECT *\nFROM `...')
#2 C:\xampp\htdocs\coaching-clinic-rest-api-master\system\Database\BaseConnection.php(669): CodeIgniter\Database\BaseConnection->simpleQuery('SELECT *\nFROM `...')
#3 C:\xampp\htdocs\coaching-clinic-rest-api-master\system\Database\BaseBuilder.php(1860): CodeIgniter\Database\BaseConnection->query('SELECT *\nFROM `...', Array, false)
#4 C:\xampp\htdocs\coaching-clinic-rest-api-master\system\Model.php(462): CodeIgniter\Database\BaseBuilder->get()
#5 C:\xampp\htdocs\coaching-clinic-rest-api-master\app\Controllers\Admin.php(51): CodeIgniter\Model->findAll()
#6 C:\xampp\htdocs\coaching-clinic-rest-api-master\system\CodeIgniter.php(918): App\Controllers\Admin->listmateri()
#7 C:\xampp\htdocs\coaching-clinic-rest-api-master\system\CodeIgniter.php(404): CodeIgniter\CodeIgniter->runController(Object(App\Controllers\Admin))
#8 C:\xampp\htdocs\coaching-clinic-rest-api-master\system\CodeIgniter.php(312): CodeIgniter\CodeIgniter->handleRequest(NULL, Object(Config\Cache), false)
#9 C:\xampp\htdocs\coaching-clinic-rest-api-master\public\index.php(45): CodeIgniter\CodeIgniter->run()
#10 C:\xampp\htdocs\coaching-clinic-rest-api-master\system\Commands\Server\rewrite.php(34): require_once('C:\\xampp\\htdocs...')
#11 {main}
CRITICAL - 2021-01-08 03:01:21 --> Table 'ci4_crud_restapi_flutter.materi' doesn't exist
#0 C:\xampp\htdocs\coaching-clinic-rest-api-master\system\Database\MySQLi\Connection.php(331): mysqli->query('SELECT 1\nFROM `...')
#1 C:\xampp\htdocs\coaching-clinic-rest-api-master\system\Database\BaseConnection.php(741): CodeIgniter\Database\MySQLi\Connection->execute('SELECT 1\nFROM `...')
#2 C:\xampp\htdocs\coaching-clinic-rest-api-master\system\Database\BaseConnection.php(669): CodeIgniter\Database\BaseConnection->simpleQuery('SELECT 1\nFROM `...')
#3 C:\xampp\htdocs\coaching-clinic-rest-api-master\system\Database\BaseBuilder.php(1860): CodeIgniter\Database\BaseConnection->query('SELECT 1\nFROM `...', Array, false)
#4 C:\xampp\htdocs\coaching-clinic-rest-api-master\system\Validation\Rules.php(240): CodeIgniter\Database\BaseBuilder->get()
#5 C:\xampp\htdocs\coaching-clinic-rest-api-master\system\Validation\Validation.php(325): CodeIgniter\Validation\Rules->is_unique('Perkenalan Inst...', 'nama_materi', Array, NULL)
#6 C:\xampp\htdocs\coaching-clinic-rest-api-master\system\Validation\Validation.php(189): CodeIgniter\Validation\Validation->processRules('nama_materi', 'nama_materi', 'Perkenalan Inst...', Array, Array)
#7 C:\xampp\htdocs\coaching-clinic-rest-api-master\system\Controller.php(219): CodeIgniter\Validation\Validation->run()
#8 C:\xampp\htdocs\coaching-clinic-rest-api-master\app\Controllers\Coach.php(99): CodeIgniter\Controller->validate(Array)
#9 C:\xampp\htdocs\coaching-clinic-rest-api-master\system\CodeIgniter.php(918): App\Controllers\Coach->prosestambahmatericoach()
#10 C:\xampp\htdocs\coaching-clinic-rest-api-master\system\CodeIgniter.php(404): CodeIgniter\CodeIgniter->runController(Object(App\Controllers\Coach))
#11 C:\xampp\htdocs\coaching-clinic-rest-api-master\system\CodeIgniter.php(312): CodeIgniter\CodeIgniter->handleRequest(NULL, Object(Config\Cache), false)
#12 C:\xampp\htdocs\coaching-clinic-rest-api-master\public\index.php(45): CodeIgniter\CodeIgniter->run()
#13 C:\xampp\htdocs\coaching-clinic-rest-api-master\system\Commands\Server\rewrite.php(34): require_once('C:\\xampp\\htdocs...')
#14 {main}
CRITICAL - 2021-01-08 03:02:00 --> Table 'ci4_crud_restapi_flutter.materi' doesn't exist
#0 C:\xampp\htdocs\coaching-clinic-rest-api-master\system\Database\MySQLi\Connection.php(331): mysqli->query('SELECT *\nFROM `...')
#1 C:\xampp\htdocs\coaching-clinic-rest-api-master\system\Database\BaseConnection.php(741): CodeIgniter\Database\MySQLi\Connection->execute('SELECT *\nFROM `...')
#2 C:\xampp\htdocs\coaching-clinic-rest-api-master\system\Database\BaseConnection.php(669): CodeIgniter\Database\BaseConnection->simpleQuery('SELECT *\nFROM `...')
#3 C:\xampp\htdocs\coaching-clinic-rest-api-master\system\Database\BaseBuilder.php(1860): CodeIgniter\Database\BaseConnection->query('SELECT *\nFROM `...', Array, false)
#4 C:\xampp\htdocs\coaching-clinic-rest-api-master\system\Model.php(462): CodeIgniter\Database\BaseBuilder->get()
#5 C:\xampp\htdocs\coaching-clinic-rest-api-master\app\Controllers\Coach.php(49): CodeIgniter\Model->findAll()
#6 C:\xampp\htdocs\coaching-clinic-rest-api-master\system\CodeIgniter.php(918): App\Controllers\Coach->listmatericoach()
#7 C:\xampp\htdocs\coaching-clinic-rest-api-master\system\CodeIgniter.php(404): CodeIgniter\CodeIgniter->runController(Object(App\Controllers\Coach))
#8 C:\xampp\htdocs\coaching-clinic-rest-api-master\system\CodeIgniter.php(312): CodeIgniter\CodeIgniter->handleRequest(NULL, Object(Config\Cache), false)
#9 C:\xampp\htdocs\coaching-clinic-rest-api-master\public\index.php(45): CodeIgniter\CodeIgniter->run()
#10 C:\xampp\htdocs\coaching-clinic-rest-api-master\system\Commands\Server\rewrite.php(34): require_once('C:\\xampp\\htdocs...')
#11 {main}
CRITICAL - 2021-01-08 16:12:04 --> Table 'ci4_crud_restapi_flutter.materi' doesn't exist
#0 C:\xampp\htdocs\coaching-clinic-rest-api-master\system\Database\MySQLi\Connection.php(331): mysqli->query('SELECT *\nFROM `...')
#1 C:\xampp\htdocs\coaching-clinic-rest-api-master\system\Database\BaseConnection.php(741): CodeIgniter\Database\MySQLi\Connection->execute('SELECT *\nFROM `...')
#2 C:\xampp\htdocs\coaching-clinic-rest-api-master\system\Database\BaseConnection.php(669): CodeIgniter\Database\BaseConnection->simpleQuery('SELECT *\nFROM `...')
#3 C:\xampp\htdocs\coaching-clinic-rest-api-master\system\Database\BaseBuilder.php(1860): CodeIgniter\Database\BaseConnection->query('SELECT *\nFROM `...', Array, false)
#4 C:\xampp\htdocs\coaching-clinic-rest-api-master\system\Model.php(462): CodeIgniter\Database\BaseBuilder->get()
#5 C:\xampp\htdocs\coaching-clinic-rest-api-master\app\Controllers\Admin.php(51): CodeIgniter\Model->findAll()
#6 C:\xampp\htdocs\coaching-clinic-rest-api-master\system\CodeIgniter.php(918): App\Controllers\Admin->listmateri()
#7 C:\xampp\htdocs\coaching-clinic-rest-api-master\system\CodeIgniter.php(404): CodeIgniter\CodeIgniter->runController(Object(App\Controllers\Admin))
#8 C:\xampp\htdocs\coaching-clinic-rest-api-master\system\CodeIgniter.php(312): CodeIgniter\CodeIgniter->handleRequest(NULL, Object(Config\Cache), false)
#9 C:\xampp\htdocs\coaching-clinic-rest-api-master\public\index.php(45): CodeIgniter\CodeIgniter->run()
#10 C:\xampp\htdocs\coaching-clinic-rest-api-master\system\Commands\Server\rewrite.php(34): require_once('C:\\xampp\\htdocs...')
#11 {main}
CRITICAL - 2021-01-08 22:12:22 --> Table 'ci4_crud_restapi_flutter.materi' doesn't exist
#0 C:\xampp\htdocs\coaching-clinic-rest-api-master\system\Database\MySQLi\Connection.php(331): mysqli->query('SELECT *\nFROM `...')
#1 C:\xampp\htdocs\coaching-clinic-rest-api-master\system\Database\BaseConnection.php(741): CodeIgniter\Database\MySQLi\Connection->execute('SELECT *\nFROM `...')
#2 C:\xampp\htdocs\coaching-clinic-rest-api-master\system\Database\BaseConnection.php(669): CodeIgniter\Database\BaseConnection->simpleQuery('SELECT *\nFROM `...')
#3 C:\xampp\htdocs\coaching-clinic-rest-api-master\system\Database\BaseBuilder.php(1860): CodeIgniter\Database\BaseConnection->query('SELECT *\nFROM `...', Array, false)
#4 C:\xampp\htdocs\coaching-clinic-rest-api-master\system\Model.php(462): CodeIgniter\Database\BaseBuilder->get()
#5 C:\xampp\htdocs\coaching-clinic-rest-api-master\app\Controllers\Admin.php(51): CodeIgniter\Model->findAll()
#6 C:\xampp\htdocs\coaching-clinic-rest-api-master\system\CodeIgniter.php(918): App\Controllers\Admin->listmateri()
#7 C:\xampp\htdocs\coaching-clinic-rest-api-master\system\CodeIgniter.php(404): CodeIgniter\CodeIgniter->runController(Object(App\Controllers\Admin))
#8 C:\xampp\htdocs\coaching-clinic-rest-api-master\system\CodeIgniter.php(312): CodeIgniter\CodeIgniter->handleRequest(NULL, Object(Config\Cache), false)
#9 C:\xampp\htdocs\coaching-clinic-rest-api-master\public\index.php(45): CodeIgniter\CodeIgniter->run()
#10 C:\xampp\htdocs\coaching-clinic-rest-api-master\system\Commands\Server\rewrite.php(34): require_once('C:\\xampp\\htdocs...')
#11 {main}
CRITICAL - 2021-01-08 22:12:50 --> Table 'ci4_crud_restapi_flutter.materi' doesn't exist
#0 C:\xampp\htdocs\coaching-clinic-rest-api-master\system\Database\MySQLi\Connection.php(331): mysqli->query('SELECT *\nFROM `...')
#1 C:\xampp\htdocs\coaching-clinic-rest-api-master\system\Database\BaseConnection.php(741): CodeIgniter\Database\MySQLi\Connection->execute('SELECT *\nFROM `...')
#2 C:\xampp\htdocs\coaching-clinic-rest-api-master\system\Database\BaseConnection.php(669): CodeIgniter\Database\BaseConnection->simpleQuery('SELECT *\nFROM `...')
#3 C:\xampp\htdocs\coaching-clinic-rest-api-master\system\Database\BaseBuilder.php(1860): CodeIgniter\Database\BaseConnection->query('SELECT *\nFROM `...', Array, false)
#4 C:\xampp\htdocs\coaching-clinic-rest-api-master\system\Model.php(462): CodeIgniter\Database\BaseBuilder->get()
#5 C:\xampp\htdocs\coaching-clinic-rest-api-master\app\Controllers\Admin.php(51): CodeIgniter\Model->findAll()
#6 C:\xampp\htdocs\coaching-clinic-rest-api-master\system\CodeIgniter.php(918): App\Controllers\Admin->listmateri()
#7 C:\xampp\htdocs\coaching-clinic-rest-api-master\system\CodeIgniter.php(404): CodeIgniter\CodeIgniter->runController(Object(App\Controllers\Admin))
#8 C:\xampp\htdocs\coaching-clinic-rest-api-master\system\CodeIgniter.php(312): CodeIgniter\CodeIgniter->handleRequest(NULL, Object(Config\Cache), false)
#9 C:\xampp\htdocs\coaching-clinic-rest-api-master\public\index.php(45): CodeIgniter\CodeIgniter->run()
#10 C:\xampp\htdocs\coaching-clinic-rest-api-master\system\Commands\Server\rewrite.php(34): require_once('C:\\xampp\\htdocs...')
#11 {main}
