CRITICAL - 2021-01-09 04:10:08 --> Duplicate entry 'coach' for key 'role'
#0 C:\xampp\htdocs\coaching-clinic-rest-api-master\system\Database\MySQLi\Connection.php(331): mysqli->query('INSERT INTO `ad...')
#1 C:\xampp\htdocs\coaching-clinic-rest-api-master\system\Database\BaseConnection.php(741): CodeIgniter\Database\MySQLi\Connection->execute('INSERT INTO `ad...')
#2 C:\xampp\htdocs\coaching-clinic-rest-api-master\system\Database\BaseConnection.php(669): CodeIgniter\Database\BaseConnection->simpleQuery('INSERT INTO `ad...')
#3 C:\xampp\htdocs\coaching-clinic-rest-api-master\system\Database\BaseBuilder.php(2249): CodeIgniter\Database\BaseConnection->query('INSERT INTO `ad...', Array, false)
#4 C:\xampp\htdocs\coaching-clinic-rest-api-master\system\Model.php(755): CodeIgniter\Database\BaseBuilder->insert()
#5 C:\xampp\htdocs\coaching-clinic-rest-api-master\system\Model.php(574): CodeIgniter\Model->insert(Array, false)
#6 C:\xampp\htdocs\coaching-clinic-rest-api-master\app\Controllers\Register.php(52): CodeIgniter\Model->save(Array)
#7 C:\xampp\htdocs\coaching-clinic-rest-api-master\system\CodeIgniter.php(918): App\Controllers\Register->store()
#8 C:\xampp\htdocs\coaching-clinic-rest-api-master\system\CodeIgniter.php(404): CodeIgniter\CodeIgniter->runController(Object(App\Controllers\Register))
#9 C:\xampp\htdocs\coaching-clinic-rest-api-master\system\CodeIgniter.php(312): CodeIgniter\CodeIgniter->handleRequest(NULL, Object(Config\Cache), false)
#10 C:\xampp\htdocs\coaching-clinic-rest-api-master\public\index.php(45): CodeIgniter\CodeIgniter->run()
#11 C:\xampp\htdocs\coaching-clinic-rest-api-master\system\Commands\Server\rewrite.php(34): require_once('C:\\xampp\\htdocs...')
#12 {main}
CRITICAL - 2021-01-09 08:31:06 --> Duplicate entry 'coach' for key 'role'
#0 C:\xampp\htdocs\coaching-clinic-rest-api-master\system\Database\MySQLi\Connection.php(331): mysqli->query('INSERT INTO `ad...')
#1 C:\xampp\htdocs\coaching-clinic-rest-api-master\system\Database\BaseConnection.php(741): CodeIgniter\Database\MySQLi\Connection->execute('INSERT INTO `ad...')
#2 C:\xampp\htdocs\coaching-clinic-rest-api-master\system\Database\BaseConnection.php(669): CodeIgniter\Database\BaseConnection->simpleQuery('INSERT INTO `ad...')
#3 C:\xampp\htdocs\coaching-clinic-rest-api-master\system\Database\BaseBuilder.php(2249): CodeIgniter\Database\BaseConnection->query('INSERT INTO `ad...', Array, false)
#4 C:\xampp\htdocs\coaching-clinic-rest-api-master\system\Model.php(755): CodeIgniter\Database\BaseBuilder->insert()
#5 C:\xampp\htdocs\coaching-clinic-rest-api-master\system\Model.php(574): CodeIgniter\Model->insert(Array, false)
#6 C:\xampp\htdocs\coaching-clinic-rest-api-master\app\Controllers\Register.php(52): CodeIgniter\Model->save(Array)
#7 C:\xampp\htdocs\coaching-clinic-rest-api-master\system\CodeIgniter.php(918): App\Controllers\Register->store()
#8 C:\xampp\htdocs\coaching-clinic-rest-api-master\system\CodeIgniter.php(404): CodeIgniter\CodeIgniter->runController(Object(App\Controllers\Register))
#9 C:\xampp\htdocs\coaching-clinic-rest-api-master\system\CodeIgniter.php(312): CodeIgniter\CodeIgniter->handleRequest(NULL, Object(Config\Cache), false)
#10 C:\xampp\htdocs\coaching-clinic-rest-api-master\public\index.php(45): CodeIgniter\CodeIgniter->run()
#11 C:\xampp\htdocs\coaching-clinic-rest-api-master\system\Commands\Server\rewrite.php(34): require_once('C:\\xampp\\htdocs...')
#12 {main}
CRITICAL - 2021-01-09 08:31:21 --> Duplicate entry 'coach' for key 'role'
#0 C:\xampp\htdocs\coaching-clinic-rest-api-master\system\Database\MySQLi\Connection.php(331): mysqli->query('INSERT INTO `ad...')
#1 C:\xampp\htdocs\coaching-clinic-rest-api-master\system\Database\BaseConnection.php(741): CodeIgniter\Database\MySQLi\Connection->execute('INSERT INTO `ad...')
#2 C:\xampp\htdocs\coaching-clinic-rest-api-master\system\Database\BaseConnection.php(669): CodeIgniter\Database\BaseConnection->simpleQuery('INSERT INTO `ad...')
#3 C:\xampp\htdocs\coaching-clinic-rest-api-master\system\Database\BaseBuilder.php(2249): CodeIgniter\Database\BaseConnection->query('INSERT INTO `ad...', Array, false)
#4 C:\xampp\htdocs\coaching-clinic-rest-api-master\system\Model.php(755): CodeIgniter\Database\BaseBuilder->insert()
#5 C:\xampp\htdocs\coaching-clinic-rest-api-master\system\Model.php(574): CodeIgniter\Model->insert(Array, false)
#6 C:\xampp\htdocs\coaching-clinic-rest-api-master\app\Controllers\Register.php(52): CodeIgniter\Model->save(Array)
#7 C:\xampp\htdocs\coaching-clinic-rest-api-master\system\CodeIgniter.php(918): App\Controllers\Register->store()
#8 C:\xampp\htdocs\coaching-clinic-rest-api-master\system\CodeIgniter.php(404): CodeIgniter\CodeIgniter->runController(Object(App\Controllers\Register))
#9 C:\xampp\htdocs\coaching-clinic-rest-api-master\system\CodeIgniter.php(312): CodeIgniter\CodeIgniter->handleRequest(NULL, Object(Config\Cache), false)
#10 C:\xampp\htdocs\coaching-clinic-rest-api-master\public\index.php(45): CodeIgniter\CodeIgniter->run()
#11 C:\xampp\htdocs\coaching-clinic-rest-api-master\system\Commands\Server\rewrite.php(34): require_once('C:\\xampp\\htdocs...')
#12 {main}
CRITICAL - 2021-01-09 08:34:46 --> Duplicate entry 'coach' for key 'role'
#0 C:\xampp\htdocs\coaching-clinic-rest-api-master\system\Database\MySQLi\Connection.php(331): mysqli->query('INSERT INTO `ad...')
#1 C:\xampp\htdocs\coaching-clinic-rest-api-master\system\Database\BaseConnection.php(741): CodeIgniter\Database\MySQLi\Connection->execute('INSERT INTO `ad...')
#2 C:\xampp\htdocs\coaching-clinic-rest-api-master\system\Database\BaseConnection.php(669): CodeIgniter\Database\BaseConnection->simpleQuery('INSERT INTO `ad...')
#3 C:\xampp\htdocs\coaching-clinic-rest-api-master\system\Database\BaseBuilder.php(2249): CodeIgniter\Database\BaseConnection->query('INSERT INTO `ad...', Array, false)
#4 C:\xampp\htdocs\coaching-clinic-rest-api-master\system\Model.php(755): CodeIgniter\Database\BaseBuilder->insert()
#5 C:\xampp\htdocs\coaching-clinic-rest-api-master\system\Model.php(574): CodeIgniter\Model->insert(Array, false)
#6 C:\xampp\htdocs\coaching-clinic-rest-api-master\app\Controllers\Register.php(52): CodeIgniter\Model->save(Array)
#7 C:\xampp\htdocs\coaching-clinic-rest-api-master\system\CodeIgniter.php(918): App\Controllers\Register->store()
#8 C:\xampp\htdocs\coaching-clinic-rest-api-master\system\CodeIgniter.php(404): CodeIgniter\CodeIgniter->runController(Object(App\Controllers\Register))
#9 C:\xampp\htdocs\coaching-clinic-rest-api-master\system\CodeIgniter.php(312): CodeIgniter\CodeIgniter->handleRequest(NULL, Object(Config\Cache), false)
#10 C:\xampp\htdocs\coaching-clinic-rest-api-master\public\index.php(45): CodeIgniter\CodeIgniter->run()
#11 C:\xampp\htdocs\coaching-clinic-rest-api-master\system\Commands\Server\rewrite.php(34): require_once('C:\\xampp\\htdocs...')
#12 {main}
CRITICAL - 2021-01-09 08:35:14 --> Duplicate entry 'Coach' for key 'role'
#0 C:\xampp\htdocs\coaching-clinic-rest-api-master\system\Database\MySQLi\Connection.php(331): mysqli->query('INSERT INTO `ad...')
#1 C:\xampp\htdocs\coaching-clinic-rest-api-master\system\Database\BaseConnection.php(741): CodeIgniter\Database\MySQLi\Connection->execute('INSERT INTO `ad...')
#2 C:\xampp\htdocs\coaching-clinic-rest-api-master\system\Database\BaseConnection.php(669): CodeIgniter\Database\BaseConnection->simpleQuery('INSERT INTO `ad...')
#3 C:\xampp\htdocs\coaching-clinic-rest-api-master\system\Database\BaseBuilder.php(2249): CodeIgniter\Database\BaseConnection->query('INSERT INTO `ad...', Array, false)
#4 C:\xampp\htdocs\coaching-clinic-rest-api-master\system\Model.php(755): CodeIgniter\Database\BaseBuilder->insert()
#5 C:\xampp\htdocs\coaching-clinic-rest-api-master\system\Model.php(574): CodeIgniter\Model->insert(Array, false)
#6 C:\xampp\htdocs\coaching-clinic-rest-api-master\app\Controllers\Register.php(52): CodeIgniter\Model->save(Array)
#7 C:\xampp\htdocs\coaching-clinic-rest-api-master\system\CodeIgniter.php(918): App\Controllers\Register->store()
#8 C:\xampp\htdocs\coaching-clinic-rest-api-master\system\CodeIgniter.php(404): CodeIgniter\CodeIgniter->runController(Object(App\Controllers\Register))
#9 C:\xampp\htdocs\coaching-clinic-rest-api-master\system\CodeIgniter.php(312): CodeIgniter\CodeIgniter->handleRequest(NULL, Object(Config\Cache), false)
#10 C:\xampp\htdocs\coaching-clinic-rest-api-master\public\index.php(45): CodeIgniter\CodeIgniter->run()
#11 C:\xampp\htdocs\coaching-clinic-rest-api-master\system\Commands\Server\rewrite.php(34): require_once('C:\\xampp\\htdocs...')
#12 {main}
CRITICAL - 2021-01-09 08:35:14 --> Duplicate entry 'Coach' for key 'role'
#0 C:\xampp\htdocs\coaching-clinic-rest-api-master\system\Database\MySQLi\Connection.php(331): mysqli->query('INSERT INTO `ad...')
#1 C:\xampp\htdocs\coaching-clinic-rest-api-master\system\Database\BaseConnection.php(741): CodeIgniter\Database\MySQLi\Connection->execute('INSERT INTO `ad...')
#2 C:\xampp\htdocs\coaching-clinic-rest-api-master\system\Database\BaseConnection.php(669): CodeIgniter\Database\BaseConnection->simpleQuery('INSERT INTO `ad...')
#3 C:\xampp\htdocs\coaching-clinic-rest-api-master\system\Database\BaseBuilder.php(2249): CodeIgniter\Database\BaseConnection->query('INSERT INTO `ad...', Array, false)
#4 C:\xampp\htdocs\coaching-clinic-rest-api-master\system\Model.php(755): CodeIgniter\Database\BaseBuilder->insert()
#5 C:\xampp\htdocs\coaching-clinic-rest-api-master\system\Model.php(574): CodeIgniter\Model->insert(Array, false)
#6 C:\xampp\htdocs\coaching-clinic-rest-api-master\app\Controllers\Register.php(52): CodeIgniter\Model->save(Array)
#7 C:\xampp\htdocs\coaching-clinic-rest-api-master\system\CodeIgniter.php(918): App\Controllers\Register->store()
#8 C:\xampp\htdocs\coaching-clinic-rest-api-master\system\CodeIgniter.php(404): CodeIgniter\CodeIgniter->runController(Object(App\Controllers\Register))
#9 C:\xampp\htdocs\coaching-clinic-rest-api-master\system\CodeIgniter.php(312): CodeIgniter\CodeIgniter->handleRequest(NULL, Object(Config\Cache), false)
#10 C:\xampp\htdocs\coaching-clinic-rest-api-master\public\index.php(45): CodeIgniter\CodeIgniter->run()
#11 C:\xampp\htdocs\coaching-clinic-rest-api-master\system\Commands\Server\rewrite.php(34): require_once('C:\\xampp\\htdocs...')
#12 {main}
CRITICAL - 2021-01-09 08:42:19 --> Duplicate entry 'admin' for key 'role'
#0 C:\xampp\htdocs\coaching-clinic-rest-api-master\system\Database\MySQLi\Connection.php(331): mysqli->query('INSERT INTO `ad...')
#1 C:\xampp\htdocs\coaching-clinic-rest-api-master\system\Database\BaseConnection.php(741): CodeIgniter\Database\MySQLi\Connection->execute('INSERT INTO `ad...')
#2 C:\xampp\htdocs\coaching-clinic-rest-api-master\system\Database\BaseConnection.php(669): CodeIgniter\Database\BaseConnection->simpleQuery('INSERT INTO `ad...')
#3 C:\xampp\htdocs\coaching-clinic-rest-api-master\system\Database\BaseBuilder.php(2249): CodeIgniter\Database\BaseConnection->query('INSERT INTO `ad...', Array, false)
#4 C:\xampp\htdocs\coaching-clinic-rest-api-master\system\Model.php(755): CodeIgniter\Database\BaseBuilder->insert()
#5 C:\xampp\htdocs\coaching-clinic-rest-api-master\system\Model.php(574): CodeIgniter\Model->insert(Array, false)
#6 C:\xampp\htdocs\coaching-clinic-rest-api-master\app\Controllers\Register.php(52): CodeIgniter\Model->save(Array)
#7 C:\xampp\htdocs\coaching-clinic-rest-api-master\system\CodeIgniter.php(918): App\Controllers\Register->store()
#8 C:\xampp\htdocs\coaching-clinic-rest-api-master\system\CodeIgniter.php(404): CodeIgniter\CodeIgniter->runController(Object(App\Controllers\Register))
#9 C:\xampp\htdocs\coaching-clinic-rest-api-master\system\CodeIgniter.php(312): CodeIgniter\CodeIgniter->handleRequest(NULL, Object(Config\Cache), false)
#10 C:\xampp\htdocs\coaching-clinic-rest-api-master\public\index.php(45): CodeIgniter\CodeIgniter->run()
#11 C:\xampp\htdocs\coaching-clinic-rest-api-master\system\Commands\Server\rewrite.php(34): require_once('C:\\xampp\\htdocs...')
#12 {main}
CRITICAL - 2021-01-09 08:42:34 --> Duplicate entry 'Admin' for key 'role'
#0 C:\xampp\htdocs\coaching-clinic-rest-api-master\system\Database\MySQLi\Connection.php(331): mysqli->query('INSERT INTO `ad...')
#1 C:\xampp\htdocs\coaching-clinic-rest-api-master\system\Database\BaseConnection.php(741): CodeIgniter\Database\MySQLi\Connection->execute('INSERT INTO `ad...')
#2 C:\xampp\htdocs\coaching-clinic-rest-api-master\system\Database\BaseConnection.php(669): CodeIgniter\Database\BaseConnection->simpleQuery('INSERT INTO `ad...')
#3 C:\xampp\htdocs\coaching-clinic-rest-api-master\system\Database\BaseBuilder.php(2249): CodeIgniter\Database\BaseConnection->query('INSERT INTO `ad...', Array, false)
#4 C:\xampp\htdocs\coaching-clinic-rest-api-master\system\Model.php(755): CodeIgniter\Database\BaseBuilder->insert()
#5 C:\xampp\htdocs\coaching-clinic-rest-api-master\system\Model.php(574): CodeIgniter\Model->insert(Array, false)
#6 C:\xampp\htdocs\coaching-clinic-rest-api-master\app\Controllers\Register.php(52): CodeIgniter\Model->save(Array)
#7 C:\xampp\htdocs\coaching-clinic-rest-api-master\system\CodeIgniter.php(918): App\Controllers\Register->store()
#8 C:\xampp\htdocs\coaching-clinic-rest-api-master\system\CodeIgniter.php(404): CodeIgniter\CodeIgniter->runController(Object(App\Controllers\Register))
#9 C:\xampp\htdocs\coaching-clinic-rest-api-master\system\CodeIgniter.php(312): CodeIgniter\CodeIgniter->handleRequest(NULL, Object(Config\Cache), false)
#10 C:\xampp\htdocs\coaching-clinic-rest-api-master\public\index.php(45): CodeIgniter\CodeIgniter->run()
#11 C:\xampp\htdocs\coaching-clinic-rest-api-master\system\Commands\Server\rewrite.php(34): require_once('C:\\xampp\\htdocs...')
#12 {main}
CRITICAL - 2021-01-09 08:43:15 --> Duplicate entry 'Admin' for key 'role'
#0 C:\xampp\htdocs\coaching-clinic-rest-api-master\system\Database\MySQLi\Connection.php(331): mysqli->query('INSERT INTO `ad...')
#1 C:\xampp\htdocs\coaching-clinic-rest-api-master\system\Database\BaseConnection.php(741): CodeIgniter\Database\MySQLi\Connection->execute('INSERT INTO `ad...')
#2 C:\xampp\htdocs\coaching-clinic-rest-api-master\system\Database\BaseConnection.php(669): CodeIgniter\Database\BaseConnection->simpleQuery('INSERT INTO `ad...')
#3 C:\xampp\htdocs\coaching-clinic-rest-api-master\system\Database\BaseBuilder.php(2249): CodeIgniter\Database\BaseConnection->query('INSERT INTO `ad...', Array, false)
#4 C:\xampp\htdocs\coaching-clinic-rest-api-master\system\Model.php(755): CodeIgniter\Database\BaseBuilder->insert()
#5 C:\xampp\htdocs\coaching-clinic-rest-api-master\system\Model.php(574): CodeIgniter\Model->insert(Array, false)
#6 C:\xampp\htdocs\coaching-clinic-rest-api-master\app\Controllers\Register.php(52): CodeIgniter\Model->save(Array)
#7 C:\xampp\htdocs\coaching-clinic-rest-api-master\system\CodeIgniter.php(918): App\Controllers\Register->store()
#8 C:\xampp\htdocs\coaching-clinic-rest-api-master\system\CodeIgniter.php(404): CodeIgniter\CodeIgniter->runController(Object(App\Controllers\Register))
#9 C:\xampp\htdocs\coaching-clinic-rest-api-master\system\CodeIgniter.php(312): CodeIgniter\CodeIgniter->handleRequest(NULL, Object(Config\Cache), false)
#10 C:\xampp\htdocs\coaching-clinic-rest-api-master\public\index.php(45): CodeIgniter\CodeIgniter->run()
#11 C:\xampp\htdocs\coaching-clinic-rest-api-master\system\Commands\Server\rewrite.php(34): require_once('C:\\xampp\\htdocs...')
#12 {main}
CRITICAL - 2021-01-09 08:43:23 --> Duplicate entry 'Admin' for key 'role'
#0 C:\xampp\htdocs\coaching-clinic-rest-api-master\system\Database\MySQLi\Connection.php(331): mysqli->query('INSERT INTO `ad...')
#1 C:\xampp\htdocs\coaching-clinic-rest-api-master\system\Database\BaseConnection.php(741): CodeIgniter\Database\MySQLi\Connection->execute('INSERT INTO `ad...')
#2 C:\xampp\htdocs\coaching-clinic-rest-api-master\system\Database\BaseConnection.php(669): CodeIgniter\Database\BaseConnection->simpleQuery('INSERT INTO `ad...')
#3 C:\xampp\htdocs\coaching-clinic-rest-api-master\system\Database\BaseBuilder.php(2249): CodeIgniter\Database\BaseConnection->query('INSERT INTO `ad...', Array, false)
#4 C:\xampp\htdocs\coaching-clinic-rest-api-master\system\Model.php(755): CodeIgniter\Database\BaseBuilder->insert()
#5 C:\xampp\htdocs\coaching-clinic-rest-api-master\system\Model.php(574): CodeIgniter\Model->insert(Array, false)
#6 C:\xampp\htdocs\coaching-clinic-rest-api-master\app\Controllers\Register.php(52): CodeIgniter\Model->save(Array)
#7 C:\xampp\htdocs\coaching-clinic-rest-api-master\system\CodeIgniter.php(918): App\Controllers\Register->store()
#8 C:\xampp\htdocs\coaching-clinic-rest-api-master\system\CodeIgniter.php(404): CodeIgniter\CodeIgniter->runController(Object(App\Controllers\Register))
#9 C:\xampp\htdocs\coaching-clinic-rest-api-master\system\CodeIgniter.php(312): CodeIgniter\CodeIgniter->handleRequest(NULL, Object(Config\Cache), false)
#10 C:\xampp\htdocs\coaching-clinic-rest-api-master\public\index.php(45): CodeIgniter\CodeIgniter->run()
#11 C:\xampp\htdocs\coaching-clinic-rest-api-master\system\Commands\Server\rewrite.php(34): require_once('C:\\xampp\\htdocs...')
#12 {main}
CRITICAL - 2021-01-09 08:45:03 --> Undefined index: peran
#0 C:\xampp\htdocs\coaching-clinic-rest-api-master\app\Views\pages\listmateri.php(38): CodeIgniter\Debug\Exceptions->errorHandler(8, 'Undefined index...', 'C:\\xampp\\htdocs...', 38, Array)
#1 C:\xampp\htdocs\coaching-clinic-rest-api-master\system\View\View.php(246): include('C:\\xampp\\htdocs...')
#2 C:\xampp\htdocs\coaching-clinic-rest-api-master\system\Common.php(1119): CodeIgniter\View\View->render('pages/listmater...', Array, true)
#3 C:\xampp\htdocs\coaching-clinic-rest-api-master\app\Controllers\Admin.php(57): view('pages/listmater...', Array)
#4 C:\xampp\htdocs\coaching-clinic-rest-api-master\system\CodeIgniter.php(918): App\Controllers\Admin->listmateri()
#5 C:\xampp\htdocs\coaching-clinic-rest-api-master\system\CodeIgniter.php(404): CodeIgniter\CodeIgniter->runController(Object(App\Controllers\Admin))
#6 C:\xampp\htdocs\coaching-clinic-rest-api-master\system\CodeIgniter.php(312): CodeIgniter\CodeIgniter->handleRequest(NULL, Object(Config\Cache), false)
#7 C:\xampp\htdocs\coaching-clinic-rest-api-master\public\index.php(45): CodeIgniter\CodeIgniter->run()
#8 C:\xampp\htdocs\coaching-clinic-rest-api-master\system\Commands\Server\rewrite.php(34): require_once('C:\\xampp\\htdocs...')
#9 {main}
CRITICAL - 2021-01-09 08:46:51 --> Duplicate entry 'kris' for key 'pembuat_materi'
#0 C:\xampp\htdocs\coaching-clinic-rest-api-master\system\Database\MySQLi\Connection.php(331): mysqli->query('INSERT INTO `ma...')
#1 C:\xampp\htdocs\coaching-clinic-rest-api-master\system\Database\BaseConnection.php(741): CodeIgniter\Database\MySQLi\Connection->execute('INSERT INTO `ma...')
#2 C:\xampp\htdocs\coaching-clinic-rest-api-master\system\Database\BaseConnection.php(669): CodeIgniter\Database\BaseConnection->simpleQuery('INSERT INTO `ma...')
#3 C:\xampp\htdocs\coaching-clinic-rest-api-master\system\Database\BaseBuilder.php(2249): CodeIgniter\Database\BaseConnection->query('INSERT INTO `ma...', Array, false)
#4 C:\xampp\htdocs\coaching-clinic-rest-api-master\system\Model.php(755): CodeIgniter\Database\BaseBuilder->insert()
#5 C:\xampp\htdocs\coaching-clinic-rest-api-master\system\Model.php(574): CodeIgniter\Model->insert(Array, false)
#6 C:\xampp\htdocs\coaching-clinic-rest-api-master\app\Controllers\Coach.php(137): CodeIgniter\Model->save(Array)
#7 C:\xampp\htdocs\coaching-clinic-rest-api-master\system\CodeIgniter.php(918): App\Controllers\Coach->prosestambahmatericoach()
#8 C:\xampp\htdocs\coaching-clinic-rest-api-master\system\CodeIgniter.php(404): CodeIgniter\CodeIgniter->runController(Object(App\Controllers\Coach))
#9 C:\xampp\htdocs\coaching-clinic-rest-api-master\system\CodeIgniter.php(312): CodeIgniter\CodeIgniter->handleRequest(NULL, Object(Config\Cache), false)
#10 C:\xampp\htdocs\coaching-clinic-rest-api-master\public\index.php(45): CodeIgniter\CodeIgniter->run()
#11 C:\xampp\htdocs\coaching-clinic-rest-api-master\system\Commands\Server\rewrite.php(34): require_once('C:\\xampp\\htdocs...')
#12 {main}
CRITICAL - 2021-01-09 08:48:13 --> Duplicate entry 'kris' for key 'pembuat_materi'
#0 C:\xampp\htdocs\coaching-clinic-rest-api-master\system\Database\MySQLi\Connection.php(331): mysqli->query('INSERT INTO `ma...')
#1 C:\xampp\htdocs\coaching-clinic-rest-api-master\system\Database\BaseConnection.php(741): CodeIgniter\Database\MySQLi\Connection->execute('INSERT INTO `ma...')
#2 C:\xampp\htdocs\coaching-clinic-rest-api-master\system\Database\BaseConnection.php(669): CodeIgniter\Database\BaseConnection->simpleQuery('INSERT INTO `ma...')
#3 C:\xampp\htdocs\coaching-clinic-rest-api-master\system\Database\BaseBuilder.php(2249): CodeIgniter\Database\BaseConnection->query('INSERT INTO `ma...', Array, false)
#4 C:\xampp\htdocs\coaching-clinic-rest-api-master\system\Model.php(755): CodeIgniter\Database\BaseBuilder->insert()
#5 C:\xampp\htdocs\coaching-clinic-rest-api-master\system\Model.php(574): CodeIgniter\Model->insert(Array, false)
#6 C:\xampp\htdocs\coaching-clinic-rest-api-master\app\Controllers\Coach.php(137): CodeIgniter\Model->save(Array)
#7 C:\xampp\htdocs\coaching-clinic-rest-api-master\system\CodeIgniter.php(918): App\Controllers\Coach->prosestambahmatericoach()
#8 C:\xampp\htdocs\coaching-clinic-rest-api-master\system\CodeIgniter.php(404): CodeIgniter\CodeIgniter->runController(Object(App\Controllers\Coach))
#9 C:\xampp\htdocs\coaching-clinic-rest-api-master\system\CodeIgniter.php(312): CodeIgniter\CodeIgniter->handleRequest(NULL, Object(Config\Cache), false)
#10 C:\xampp\htdocs\coaching-clinic-rest-api-master\public\index.php(45): CodeIgniter\CodeIgniter->run()
#11 C:\xampp\htdocs\coaching-clinic-rest-api-master\system\Commands\Server\rewrite.php(34): require_once('C:\\xampp\\htdocs...')
#12 {main}
CRITICAL - 2021-01-09 08:49:11 --> Duplicate entry 'kris' for key 'pembuat_materi'
#0 C:\xampp\htdocs\coaching-clinic-rest-api-master\system\Database\MySQLi\Connection.php(331): mysqli->query('INSERT INTO `ma...')
#1 C:\xampp\htdocs\coaching-clinic-rest-api-master\system\Database\BaseConnection.php(741): CodeIgniter\Database\MySQLi\Connection->execute('INSERT INTO `ma...')
#2 C:\xampp\htdocs\coaching-clinic-rest-api-master\system\Database\BaseConnection.php(669): CodeIgniter\Database\BaseConnection->simpleQuery('INSERT INTO `ma...')
#3 C:\xampp\htdocs\coaching-clinic-rest-api-master\system\Database\BaseBuilder.php(2249): CodeIgniter\Database\BaseConnection->query('INSERT INTO `ma...', Array, false)
#4 C:\xampp\htdocs\coaching-clinic-rest-api-master\system\Model.php(755): CodeIgniter\Database\BaseBuilder->insert()
#5 C:\xampp\htdocs\coaching-clinic-rest-api-master\system\Model.php(574): CodeIgniter\Model->insert(Array, false)
#6 C:\xampp\htdocs\coaching-clinic-rest-api-master\app\Controllers\Coach.php(137): CodeIgniter\Model->save(Array)
#7 C:\xampp\htdocs\coaching-clinic-rest-api-master\system\CodeIgniter.php(918): App\Controllers\Coach->prosestambahmatericoach()
#8 C:\xampp\htdocs\coaching-clinic-rest-api-master\system\CodeIgniter.php(404): CodeIgniter\CodeIgniter->runController(Object(App\Controllers\Coach))
#9 C:\xampp\htdocs\coaching-clinic-rest-api-master\system\CodeIgniter.php(312): CodeIgniter\CodeIgniter->handleRequest(NULL, Object(Config\Cache), false)
#10 C:\xampp\htdocs\coaching-clinic-rest-api-master\public\index.php(45): CodeIgniter\CodeIgniter->run()
#11 C:\xampp\htdocs\coaching-clinic-rest-api-master\system\Commands\Server\rewrite.php(34): require_once('C:\\xampp\\htdocs...')
#12 {main}
CRITICAL - 2021-01-09 08:49:17 --> Duplicate entry 'kris' for key 'pembuat_materi'
#0 C:\xampp\htdocs\coaching-clinic-rest-api-master\system\Database\MySQLi\Connection.php(331): mysqli->query('INSERT INTO `ma...')
#1 C:\xampp\htdocs\coaching-clinic-rest-api-master\system\Database\BaseConnection.php(741): CodeIgniter\Database\MySQLi\Connection->execute('INSERT INTO `ma...')
#2 C:\xampp\htdocs\coaching-clinic-rest-api-master\system\Database\BaseConnection.php(669): CodeIgniter\Database\BaseConnection->simpleQuery('INSERT INTO `ma...')
#3 C:\xampp\htdocs\coaching-clinic-rest-api-master\system\Database\BaseBuilder.php(2249): CodeIgniter\Database\BaseConnection->query('INSERT INTO `ma...', Array, false)
#4 C:\xampp\htdocs\coaching-clinic-rest-api-master\system\Model.php(755): CodeIgniter\Database\BaseBuilder->insert()
#5 C:\xampp\htdocs\coaching-clinic-rest-api-master\system\Model.php(574): CodeIgniter\Model->insert(Array, false)
#6 C:\xampp\htdocs\coaching-clinic-rest-api-master\app\Controllers\Coach.php(137): CodeIgniter\Model->save(Array)
#7 C:\xampp\htdocs\coaching-clinic-rest-api-master\system\CodeIgniter.php(918): App\Controllers\Coach->prosestambahmatericoach()
#8 C:\xampp\htdocs\coaching-clinic-rest-api-master\system\CodeIgniter.php(404): CodeIgniter\CodeIgniter->runController(Object(App\Controllers\Coach))
#9 C:\xampp\htdocs\coaching-clinic-rest-api-master\system\CodeIgniter.php(312): CodeIgniter\CodeIgniter->handleRequest(NULL, Object(Config\Cache), false)
#10 C:\xampp\htdocs\coaching-clinic-rest-api-master\public\index.php(45): CodeIgniter\CodeIgniter->run()
#11 C:\xampp\htdocs\coaching-clinic-rest-api-master\system\Commands\Server\rewrite.php(34): require_once('C:\\xampp\\htdocs...')
#12 {main}
CRITICAL - 2021-01-09 08:49:39 --> Duplicate entry 'kris' for key 'pembuat_materi'
#0 C:\xampp\htdocs\coaching-clinic-rest-api-master\system\Database\MySQLi\Connection.php(331): mysqli->query('INSERT INTO `ma...')
#1 C:\xampp\htdocs\coaching-clinic-rest-api-master\system\Database\BaseConnection.php(741): CodeIgniter\Database\MySQLi\Connection->execute('INSERT INTO `ma...')
#2 C:\xampp\htdocs\coaching-clinic-rest-api-master\system\Database\BaseConnection.php(669): CodeIgniter\Database\BaseConnection->simpleQuery('INSERT INTO `ma...')
#3 C:\xampp\htdocs\coaching-clinic-rest-api-master\system\Database\BaseBuilder.php(2249): CodeIgniter\Database\BaseConnection->query('INSERT INTO `ma...', Array, false)
#4 C:\xampp\htdocs\coaching-clinic-rest-api-master\system\Model.php(755): CodeIgniter\Database\BaseBuilder->insert()
#5 C:\xampp\htdocs\coaching-clinic-rest-api-master\system\Model.php(574): CodeIgniter\Model->insert(Array, false)
#6 C:\xampp\htdocs\coaching-clinic-rest-api-master\app\Controllers\Coach.php(137): CodeIgniter\Model->save(Array)
#7 C:\xampp\htdocs\coaching-clinic-rest-api-master\system\CodeIgniter.php(918): App\Controllers\Coach->prosestambahmatericoach()
#8 C:\xampp\htdocs\coaching-clinic-rest-api-master\system\CodeIgniter.php(404): CodeIgniter\CodeIgniter->runController(Object(App\Controllers\Coach))
#9 C:\xampp\htdocs\coaching-clinic-rest-api-master\system\CodeIgniter.php(312): CodeIgniter\CodeIgniter->handleRequest(NULL, Object(Config\Cache), false)
#10 C:\xampp\htdocs\coaching-clinic-rest-api-master\public\index.php(45): CodeIgniter\CodeIgniter->run()
#11 C:\xampp\htdocs\coaching-clinic-rest-api-master\system\Commands\Server\rewrite.php(34): require_once('C:\\xampp\\htdocs...')
#12 {main}
CRITICAL - 2021-01-09 10:55:28 --> Duplicate entry 'kris' for key 'pembuat_materi'
#0 C:\xampp\htdocs\coaching-clinic-rest-api-master\system\Database\MySQLi\Connection.php(331): mysqli->query('INSERT INTO `ma...')
#1 C:\xampp\htdocs\coaching-clinic-rest-api-master\system\Database\BaseConnection.php(741): CodeIgniter\Database\MySQLi\Connection->execute('INSERT INTO `ma...')
#2 C:\xampp\htdocs\coaching-clinic-rest-api-master\system\Database\BaseConnection.php(669): CodeIgniter\Database\BaseConnection->simpleQuery('INSERT INTO `ma...')
#3 C:\xampp\htdocs\coaching-clinic-rest-api-master\system\Database\BaseBuilder.php(2249): CodeIgniter\Database\BaseConnection->query('INSERT INTO `ma...', Array, false)
#4 C:\xampp\htdocs\coaching-clinic-rest-api-master\system\Model.php(755): CodeIgniter\Database\BaseBuilder->insert()
#5 C:\xampp\htdocs\coaching-clinic-rest-api-master\system\Model.php(574): CodeIgniter\Model->insert(Array, false)
#6 C:\xampp\htdocs\coaching-clinic-rest-api-master\app\Controllers\Coach.php(137): CodeIgniter\Model->save(Array)
#7 C:\xampp\htdocs\coaching-clinic-rest-api-master\system\CodeIgniter.php(918): App\Controllers\Coach->prosestambahmatericoach()
#8 C:\xampp\htdocs\coaching-clinic-rest-api-master\system\CodeIgniter.php(404): CodeIgniter\CodeIgniter->runController(Object(App\Controllers\Coach))
#9 C:\xampp\htdocs\coaching-clinic-rest-api-master\system\CodeIgniter.php(312): CodeIgniter\CodeIgniter->handleRequest(NULL, Object(Config\Cache), false)
#10 C:\xampp\htdocs\coaching-clinic-rest-api-master\public\index.php(45): CodeIgniter\CodeIgniter->run()
#11 C:\xampp\htdocs\coaching-clinic-rest-api-master\system\Commands\Server\rewrite.php(34): require_once('C:\\xampp\\htdocs...')
#12 {main}
CRITICAL - 2021-01-09 10:55:32 --> Duplicate entry 'kris' for key 'pembuat_materi'
#0 C:\xampp\htdocs\coaching-clinic-rest-api-master\system\Database\MySQLi\Connection.php(331): mysqli->query('INSERT INTO `ma...')
#1 C:\xampp\htdocs\coaching-clinic-rest-api-master\system\Database\BaseConnection.php(741): CodeIgniter\Database\MySQLi\Connection->execute('INSERT INTO `ma...')
#2 C:\xampp\htdocs\coaching-clinic-rest-api-master\system\Database\BaseConnection.php(669): CodeIgniter\Database\BaseConnection->simpleQuery('INSERT INTO `ma...')
#3 C:\xampp\htdocs\coaching-clinic-rest-api-master\system\Database\BaseBuilder.php(2249): CodeIgniter\Database\BaseConnection->query('INSERT INTO `ma...', Array, false)
#4 C:\xampp\htdocs\coaching-clinic-rest-api-master\system\Model.php(755): CodeIgniter\Database\BaseBuilder->insert()
#5 C:\xampp\htdocs\coaching-clinic-rest-api-master\system\Model.php(574): CodeIgniter\Model->insert(Array, false)
#6 C:\xampp\htdocs\coaching-clinic-rest-api-master\app\Controllers\Coach.php(137): CodeIgniter\Model->save(Array)
#7 C:\xampp\htdocs\coaching-clinic-rest-api-master\system\CodeIgniter.php(918): App\Controllers\Coach->prosestambahmatericoach()
#8 C:\xampp\htdocs\coaching-clinic-rest-api-master\system\CodeIgniter.php(404): CodeIgniter\CodeIgniter->runController(Object(App\Controllers\Coach))
#9 C:\xampp\htdocs\coaching-clinic-rest-api-master\system\CodeIgniter.php(312): CodeIgniter\CodeIgniter->handleRequest(NULL, Object(Config\Cache), false)
#10 C:\xampp\htdocs\coaching-clinic-rest-api-master\public\index.php(45): CodeIgniter\CodeIgniter->run()
#11 C:\xampp\htdocs\coaching-clinic-rest-api-master\system\Commands\Server\rewrite.php(34): require_once('C:\\xampp\\htdocs...')
#12 {main}
CRITICAL - 2021-01-09 11:26:37 --> Duplicate entry 'kris' for key 'pembuat_materi'
#0 C:\xampp\htdocs\coaching-clinic-rest-api-master\system\Database\MySQLi\Connection.php(331): mysqli->query('INSERT INTO `ma...')
#1 C:\xampp\htdocs\coaching-clinic-rest-api-master\system\Database\BaseConnection.php(741): CodeIgniter\Database\MySQLi\Connection->execute('INSERT INTO `ma...')
#2 C:\xampp\htdocs\coaching-clinic-rest-api-master\system\Database\BaseConnection.php(669): CodeIgniter\Database\BaseConnection->simpleQuery('INSERT INTO `ma...')
#3 C:\xampp\htdocs\coaching-clinic-rest-api-master\system\Database\BaseBuilder.php(2249): CodeIgniter\Database\BaseConnection->query('INSERT INTO `ma...', Array, false)
#4 C:\xampp\htdocs\coaching-clinic-rest-api-master\system\Model.php(755): CodeIgniter\Database\BaseBuilder->insert()
#5 C:\xampp\htdocs\coaching-clinic-rest-api-master\system\Model.php(574): CodeIgniter\Model->insert(Array, false)
#6 C:\xampp\htdocs\coaching-clinic-rest-api-master\app\Controllers\Coach.php(137): CodeIgniter\Model->save(Array)
#7 C:\xampp\htdocs\coaching-clinic-rest-api-master\system\CodeIgniter.php(918): App\Controllers\Coach->prosestambahmatericoach()
#8 C:\xampp\htdocs\coaching-clinic-rest-api-master\system\CodeIgniter.php(404): CodeIgniter\CodeIgniter->runController(Object(App\Controllers\Coach))
#9 C:\xampp\htdocs\coaching-clinic-rest-api-master\system\CodeIgniter.php(312): CodeIgniter\CodeIgniter->handleRequest(NULL, Object(Config\Cache), false)
#10 C:\xampp\htdocs\coaching-clinic-rest-api-master\public\index.php(45): CodeIgniter\CodeIgniter->run()
#11 C:\xampp\htdocs\coaching-clinic-rest-api-master\system\Commands\Server\rewrite.php(34): require_once('C:\\xampp\\htdocs...')
#12 {main}
CRITICAL - 2021-01-09 13:52:36 --> Undefined index: peran
#0 C:\xampp\htdocs\coaching-clinic-rest-api-master\app\Views\pages\listmateri.php(38): CodeIgniter\Debug\Exceptions->errorHandler(8, 'Undefined index...', 'C:\\xampp\\htdocs...', 38, Array)
#1 C:\xampp\htdocs\coaching-clinic-rest-api-master\system\View\View.php(246): include('C:\\xampp\\htdocs...')
#2 C:\xampp\htdocs\coaching-clinic-rest-api-master\system\Common.php(1119): CodeIgniter\View\View->render('pages/listmater...', Array, true)
#3 C:\xampp\htdocs\coaching-clinic-rest-api-master\app\Controllers\Admin.php(57): view('pages/listmater...', Array)
#4 C:\xampp\htdocs\coaching-clinic-rest-api-master\system\CodeIgniter.php(918): App\Controllers\Admin->listmateri()
#5 C:\xampp\htdocs\coaching-clinic-rest-api-master\system\CodeIgniter.php(404): CodeIgniter\CodeIgniter->runController(Object(App\Controllers\Admin))
#6 C:\xampp\htdocs\coaching-clinic-rest-api-master\system\CodeIgniter.php(312): CodeIgniter\CodeIgniter->handleRequest(NULL, Object(Config\Cache), false)
#7 C:\xampp\htdocs\coaching-clinic-rest-api-master\public\index.php(45): CodeIgniter\CodeIgniter->run()
#8 C:\xampp\htdocs\coaching-clinic-rest-api-master\system\Commands\Server\rewrite.php(34): require_once('C:\\xampp\\htdocs...')
#9 {main}
