CRITICAL - 2020-12-26 12:49:41 --> Class 'App\Controllers\Services' not found
#0 /Applications/XAMPP/xamppfiles/htdocs/coach/system/CodeIgniter.php(891): App\Controllers\BaseController->initController(Object(CodeIgniter\HTTP\IncomingRequest), Object(CodeIgniter\HTTP\Response), Object(CodeIgniter\Log\Logger))
#1 /Applications/XAMPP/xamppfiles/htdocs/coach/system/CodeIgniter.php(399): CodeIgniter\CodeIgniter->createController()
#2 /Applications/XAMPP/xamppfiles/htdocs/coach/system/CodeIgniter.php(312): CodeIgniter\CodeIgniter->handleRequest(NULL, Object(Config\Cache), false)
#3 /Applications/XAMPP/xamppfiles/htdocs/coach/public/index.php(45): CodeIgniter\CodeIgniter->run()
#4 /Applications/XAMPP/xamppfiles/htdocs/coach/system/Commands/Server/rewrite.php(34): require_once('/Applications/X...')
#5 {main}
CRITICAL - 2020-12-26 12:50:19 --> Class 'App\Controllers\Services' not found
#0 /Applications/XAMPP/xamppfiles/htdocs/coach/system/CodeIgniter.php(891): App\Controllers\BaseController->initController(Object(CodeIgniter\HTTP\IncomingRequest), Object(CodeIgniter\HTTP\Response), Object(CodeIgniter\Log\Logger))
#1 /Applications/XAMPP/xamppfiles/htdocs/coach/system/CodeIgniter.php(399): CodeIgniter\CodeIgniter->createController()
#2 /Applications/XAMPP/xamppfiles/htdocs/coach/system/CodeIgniter.php(312): CodeIgniter\CodeIgniter->handleRequest(NULL, Object(Config\Cache), false)
#3 /Applications/XAMPP/xamppfiles/htdocs/coach/public/index.php(45): CodeIgniter\CodeIgniter->run()
#4 /Applications/XAMPP/xamppfiles/htdocs/coach/system/Commands/Server/rewrite.php(34): require_once('/Applications/X...')
#5 {main}
CRITICAL - 2020-12-26 12:50:26 --> Class 'App\Controllers\Services' not found
#0 /Applications/XAMPP/xamppfiles/htdocs/coach/system/CodeIgniter.php(891): App\Controllers\BaseController->initController(Object(CodeIgniter\HTTP\IncomingRequest), Object(CodeIgniter\HTTP\Response), Object(CodeIgniter\Log\Logger))
#1 /Applications/XAMPP/xamppfiles/htdocs/coach/system/CodeIgniter.php(399): CodeIgniter\CodeIgniter->createController()
#2 /Applications/XAMPP/xamppfiles/htdocs/coach/system/CodeIgniter.php(312): CodeIgniter\CodeIgniter->handleRequest(NULL, Object(Config\Cache), false)
#3 /Applications/XAMPP/xamppfiles/htdocs/coach/public/index.php(45): CodeIgniter\CodeIgniter->run()
#4 /Applications/XAMPP/xamppfiles/htdocs/coach/system/Commands/Server/rewrite.php(34): require_once('/Applications/X...')
#5 {main}
CRITICAL - 2020-12-26 12:50:31 --> syntax error, unexpected 'if' (T_IF), expecting function (T_FUNCTION) or const (T_CONST)
#0 /Applications/XAMPP/xamppfiles/htdocs/coach/system/Autoloader/Autoloader.php(296): CodeIgniter\Autoloader\Autoloader->requireFile('/Applications/X...')
#1 /Applications/XAMPP/xamppfiles/htdocs/coach/system/Autoloader/Autoloader.php(258): CodeIgniter\Autoloader\Autoloader->loadInNamespace('App\\Controllers...')
#2 [internal function]: CodeIgniter\Autoloader\Autoloader->loadClass('App\\Controllers...')
#3 /Applications/XAMPP/xamppfiles/htdocs/coach/app/Controllers/Home.php(3): spl_autoload_call('App\\Controllers...')
#4 /Applications/XAMPP/xamppfiles/htdocs/coach/system/Autoloader/Autoloader.php(365): require_once('/Applications/X...')
#5 /Applications/XAMPP/xamppfiles/htdocs/coach/system/Autoloader/Autoloader.php(296): CodeIgniter\Autoloader\Autoloader->requireFile('/Applications/X...')
#6 /Applications/XAMPP/xamppfiles/htdocs/coach/system/Autoloader/Autoloader.php(258): CodeIgniter\Autoloader\Autoloader->loadInNamespace('App\\Controllers...')
#7 [internal function]: CodeIgniter\Autoloader\Autoloader->loadClass('App\\Controllers...')
#8 [internal function]: spl_autoload_call('App\\Controllers...')
#9 /Applications/XAMPP/xamppfiles/htdocs/coach/system/CodeIgniter.php(869): class_exists('\\App\\Controller...', true)
#10 /Applications/XAMPP/xamppfiles/htdocs/coach/system/CodeIgniter.php(394): CodeIgniter\CodeIgniter->startController()
#11 /Applications/XAMPP/xamppfiles/htdocs/coach/system/CodeIgniter.php(312): CodeIgniter\CodeIgniter->handleRequest(NULL, Object(Config\Cache), false)
#12 /Applications/XAMPP/xamppfiles/htdocs/coach/public/index.php(45): CodeIgniter\CodeIgniter->run()
#13 /Applications/XAMPP/xamppfiles/htdocs/coach/system/Commands/Server/rewrite.php(34): require_once('/Applications/X...')
#14 {main}
CRITICAL - 2020-12-26 16:27:34 --> Undefined variable: lisdt
#0 /Applications/XAMPP/xamppfiles/htdocs/coach/app/Views/pages/listuser.php(28): CodeIgniter\Debug\Exceptions->errorHandler(8, 'Undefined varia...', '/Applications/X...', 28, Array)
#1 /Applications/XAMPP/xamppfiles/htdocs/coach/system/View/View.php(246): include('/Applications/X...')
#2 /Applications/XAMPP/xamppfiles/htdocs/coach/system/Common.php(1119): CodeIgniter\View\View->render('pages/listuser', Array, true)
#3 /Applications/XAMPP/xamppfiles/htdocs/coach/app/Controllers/Admin.php(24): view('pages/listuser', Array)
#4 /Applications/XAMPP/xamppfiles/htdocs/coach/system/CodeIgniter.php(918): App\Controllers\Admin->listuser()
#5 /Applications/XAMPP/xamppfiles/htdocs/coach/system/CodeIgniter.php(404): CodeIgniter\CodeIgniter->runController(Object(App\Controllers\Admin))
#6 /Applications/XAMPP/xamppfiles/htdocs/coach/system/CodeIgniter.php(312): CodeIgniter\CodeIgniter->handleRequest(NULL, Object(Config\Cache), false)
#7 /Applications/XAMPP/xamppfiles/htdocs/coach/public/index.php(45): CodeIgniter\CodeIgniter->run()
#8 /Applications/XAMPP/xamppfiles/htdocs/coach/system/Commands/Server/rewrite.php(34): require_once('/Applications/X...')
#9 {main}
CRITICAL - 2020-12-26 16:40:58 --> Call to a member function getError() on null
#0 /Applications/XAMPP/xamppfiles/htdocs/coach/system/CodeIgniter.php(918): App\Controllers\Admin->prosestambahuser()
#1 /Applications/XAMPP/xamppfiles/htdocs/coach/system/CodeIgniter.php(404): CodeIgniter\CodeIgniter->runController(Object(App\Controllers\Admin))
#2 /Applications/XAMPP/xamppfiles/htdocs/coach/system/CodeIgniter.php(312): CodeIgniter\CodeIgniter->handleRequest(NULL, Object(Config\Cache), false)
#3 /Applications/XAMPP/xamppfiles/htdocs/coach/public/index.php(45): CodeIgniter\CodeIgniter->run()
#4 /Applications/XAMPP/xamppfiles/htdocs/coach/system/Commands/Server/rewrite.php(34): require_once('/Applications/X...')
#5 {main}
CRITICAL - 2020-12-26 16:42:07 --> Call to a member function getError() on null
#0 /Applications/XAMPP/xamppfiles/htdocs/coach/system/CodeIgniter.php(918): App\Controllers\Admin->prosestambahuser()
#1 /Applications/XAMPP/xamppfiles/htdocs/coach/system/CodeIgniter.php(404): CodeIgniter\CodeIgniter->runController(Object(App\Controllers\Admin))
#2 /Applications/XAMPP/xamppfiles/htdocs/coach/system/CodeIgniter.php(312): CodeIgniter\CodeIgniter->handleRequest(NULL, Object(Config\Cache), false)
#3 /Applications/XAMPP/xamppfiles/htdocs/coach/public/index.php(45): CodeIgniter\CodeIgniter->run()
#4 /Applications/XAMPP/xamppfiles/htdocs/coach/system/Commands/Server/rewrite.php(34): require_once('/Applications/X...')
#5 {main}
CRITICAL - 2020-12-26 16:42:22 --> Call to a member function getError() on null
#0 /Applications/XAMPP/xamppfiles/htdocs/coach/system/CodeIgniter.php(918): App\Controllers\Admin->prosestambahuser()
#1 /Applications/XAMPP/xamppfiles/htdocs/coach/system/CodeIgniter.php(404): CodeIgniter\CodeIgniter->runController(Object(App\Controllers\Admin))
#2 /Applications/XAMPP/xamppfiles/htdocs/coach/system/CodeIgniter.php(312): CodeIgniter\CodeIgniter->handleRequest(NULL, Object(Config\Cache), false)
#3 /Applications/XAMPP/xamppfiles/htdocs/coach/public/index.php(45): CodeIgniter\CodeIgniter->run()
#4 /Applications/XAMPP/xamppfiles/htdocs/coach/system/Commands/Server/rewrite.php(34): require_once('/Applications/X...')
#5 {main}
CRITICAL - 2020-12-26 16:44:00 --> Call to a member function getError() on null
#0 /Applications/XAMPP/xamppfiles/htdocs/coach/system/CodeIgniter.php(918): App\Controllers\Admin->prosestambahuser()
#1 /Applications/XAMPP/xamppfiles/htdocs/coach/system/CodeIgniter.php(404): CodeIgniter\CodeIgniter->runController(Object(App\Controllers\Admin))
#2 /Applications/XAMPP/xamppfiles/htdocs/coach/system/CodeIgniter.php(312): CodeIgniter\CodeIgniter->handleRequest(NULL, Object(Config\Cache), false)
#3 /Applications/XAMPP/xamppfiles/htdocs/coach/public/index.php(45): CodeIgniter\CodeIgniter->run()
#4 /Applications/XAMPP/xamppfiles/htdocs/coach/system/Commands/Server/rewrite.php(34): require_once('/Applications/X...')
#5 {main}
CRITICAL - 2020-12-26 16:48:30 --> Call to a member function getError() on null
#0 /Applications/XAMPP/xamppfiles/htdocs/coach/system/CodeIgniter.php(918): App\Controllers\Admin->prosestambahuser()
#1 /Applications/XAMPP/xamppfiles/htdocs/coach/system/CodeIgniter.php(404): CodeIgniter\CodeIgniter->runController(Object(App\Controllers\Admin))
#2 /Applications/XAMPP/xamppfiles/htdocs/coach/system/CodeIgniter.php(312): CodeIgniter\CodeIgniter->handleRequest(NULL, Object(Config\Cache), false)
#3 /Applications/XAMPP/xamppfiles/htdocs/coach/public/index.php(45): CodeIgniter\CodeIgniter->run()
#4 /Applications/XAMPP/xamppfiles/htdocs/coach/system/Commands/Server/rewrite.php(34): require_once('/Applications/X...')
#5 {main}
CRITICAL - 2020-12-26 16:50:36 --> syntax error, unexpected 'input' (T_STRING)
#0 /Applications/XAMPP/xamppfiles/htdocs/coach/system/Router/Router.php(195): CodeIgniter\Router\Router->autoRoute('admin/prosestam...')
#1 /Applications/XAMPP/xamppfiles/htdocs/coach/system/CodeIgniter.php(793): CodeIgniter\Router\Router->handle('admin/prosestam...')
#2 /Applications/XAMPP/xamppfiles/htdocs/coach/system/CodeIgniter.php(364): CodeIgniter\CodeIgniter->tryToRouteIt(Object(CodeIgniter\Router\RouteCollection))
#3 /Applications/XAMPP/xamppfiles/htdocs/coach/system/CodeIgniter.php(312): CodeIgniter\CodeIgniter->handleRequest(NULL, Object(Config\Cache), false)
#4 /Applications/XAMPP/xamppfiles/htdocs/coach/public/index.php(45): CodeIgniter\CodeIgniter->run()
#5 /Applications/XAMPP/xamppfiles/htdocs/coach/system/Commands/Server/rewrite.php(34): require_once('/Applications/X...')
#6 {main}
CRITICAL - 2020-12-26 17:01:34 --> Class 'App\Controllers\App\Models\User_model' not found
#0 /Applications/XAMPP/xamppfiles/htdocs/coach/system/CodeIgniter.php(891): App\Controllers\BaseController->initController(Object(CodeIgniter\HTTP\IncomingRequest), Object(CodeIgniter\HTTP\Response), Object(CodeIgniter\Log\Logger))
#1 /Applications/XAMPP/xamppfiles/htdocs/coach/system/CodeIgniter.php(399): CodeIgniter\CodeIgniter->createController()
#2 /Applications/XAMPP/xamppfiles/htdocs/coach/system/CodeIgniter.php(312): CodeIgniter\CodeIgniter->handleRequest(NULL, Object(Config\Cache), false)
#3 /Applications/XAMPP/xamppfiles/htdocs/coach/public/index.php(45): CodeIgniter\CodeIgniter->run()
#4 /Applications/XAMPP/xamppfiles/htdocs/coach/system/Commands/Server/rewrite.php(34): require_once('/Applications/X...')
#5 {main}
CRITICAL - 2020-12-26 17:30:53 --> Cannot use object of type stdClass as array
#0 /Applications/XAMPP/xamppfiles/htdocs/coach/system/View/View.php(246): include()
#1 /Applications/XAMPP/xamppfiles/htdocs/coach/system/Common.php(1119): CodeIgniter\View\View->render('pages/listuser', Array, true)
#2 /Applications/XAMPP/xamppfiles/htdocs/coach/app/Controllers/Admin.php(26): view('pages/listuser', Array)
#3 /Applications/XAMPP/xamppfiles/htdocs/coach/system/CodeIgniter.php(918): App\Controllers\Admin->listuser()
#4 /Applications/XAMPP/xamppfiles/htdocs/coach/system/CodeIgniter.php(404): CodeIgniter\CodeIgniter->runController(Object(App\Controllers\Admin))
#5 /Applications/XAMPP/xamppfiles/htdocs/coach/system/CodeIgniter.php(312): CodeIgniter\CodeIgniter->handleRequest(NULL, Object(Config\Cache), false)
#6 /Applications/XAMPP/xamppfiles/htdocs/coach/public/index.php(45): CodeIgniter\CodeIgniter->run()
#7 /Applications/XAMPP/xamppfiles/htdocs/coach/system/Commands/Server/rewrite.php(34): require_once('/Applications/X...')
#8 {main}
CRITICAL - 2020-12-26 17:31:45 --> syntax error, unexpected '=', expecting :: (T_PAAMAYIM_NEKUDOTAYIM)
#0 /Applications/XAMPP/xamppfiles/htdocs/coach/system/Common.php(1119): CodeIgniter\View\View->render('pages/listuser', Array, true)
#1 /Applications/XAMPP/xamppfiles/htdocs/coach/app/Controllers/Admin.php(26): view('pages/listuser', Array)
#2 /Applications/XAMPP/xamppfiles/htdocs/coach/system/CodeIgniter.php(918): App\Controllers\Admin->listuser()
#3 /Applications/XAMPP/xamppfiles/htdocs/coach/system/CodeIgniter.php(404): CodeIgniter\CodeIgniter->runController(Object(App\Controllers\Admin))
#4 /Applications/XAMPP/xamppfiles/htdocs/coach/system/CodeIgniter.php(312): CodeIgniter\CodeIgniter->handleRequest(NULL, Object(Config\Cache), false)
#5 /Applications/XAMPP/xamppfiles/htdocs/coach/public/index.php(45): CodeIgniter\CodeIgniter->run()
#6 /Applications/XAMPP/xamppfiles/htdocs/coach/system/Commands/Server/rewrite.php(34): require_once('/Applications/X...')
#7 {main}
CRITICAL - 2020-12-26 17:31:52 --> Cannot use object of type stdClass as array
#0 /Applications/XAMPP/xamppfiles/htdocs/coach/system/View/View.php(246): include()
#1 /Applications/XAMPP/xamppfiles/htdocs/coach/system/Common.php(1119): CodeIgniter\View\View->render('pages/listuser', Array, true)
#2 /Applications/XAMPP/xamppfiles/htdocs/coach/app/Controllers/Admin.php(26): view('pages/listuser', Array)
#3 /Applications/XAMPP/xamppfiles/htdocs/coach/system/CodeIgniter.php(918): App\Controllers\Admin->listuser()
#4 /Applications/XAMPP/xamppfiles/htdocs/coach/system/CodeIgniter.php(404): CodeIgniter\CodeIgniter->runController(Object(App\Controllers\Admin))
#5 /Applications/XAMPP/xamppfiles/htdocs/coach/system/CodeIgniter.php(312): CodeIgniter\CodeIgniter->handleRequest(NULL, Object(Config\Cache), false)
#6 /Applications/XAMPP/xamppfiles/htdocs/coach/public/index.php(45): CodeIgniter\CodeIgniter->run()
#7 /Applications/XAMPP/xamppfiles/htdocs/coach/system/Commands/Server/rewrite.php(34): require_once('/Applications/X...')
#8 {main}
CRITICAL - 2020-12-26 17:42:55 --> Undefined variable: p
#0 /Applications/XAMPP/xamppfiles/htdocs/coach/app/Views/pages/listuser.php(30): CodeIgniter\Debug\Exceptions->errorHandler(8, 'Undefined varia...', '/Applications/X...', 30, Array)
#1 /Applications/XAMPP/xamppfiles/htdocs/coach/system/View/View.php(246): include('/Applications/X...')
#2 /Applications/XAMPP/xamppfiles/htdocs/coach/system/Common.php(1119): CodeIgniter\View\View->render('pages/listuser', Array, true)
#3 /Applications/XAMPP/xamppfiles/htdocs/coach/app/Controllers/Admin.php(27): view('pages/listuser', Array)
#4 /Applications/XAMPP/xamppfiles/htdocs/coach/system/CodeIgniter.php(918): App\Controllers\Admin->listuser()
#5 /Applications/XAMPP/xamppfiles/htdocs/coach/system/CodeIgniter.php(404): CodeIgniter\CodeIgniter->runController(Object(App\Controllers\Admin))
#6 /Applications/XAMPP/xamppfiles/htdocs/coach/system/CodeIgniter.php(312): CodeIgniter\CodeIgniter->handleRequest(NULL, Object(Config\Cache), false)
#7 /Applications/XAMPP/xamppfiles/htdocs/coach/public/index.php(45): CodeIgniter\CodeIgniter->run()
#8 /Applications/XAMPP/xamppfiles/htdocs/coach/system/Commands/Server/rewrite.php(34): require_once('/Applications/X...')
#9 {main}
CRITICAL - 2020-12-26 17:43:10 --> Undefined variable: p
#0 /Applications/XAMPP/xamppfiles/htdocs/coach/app/Views/pages/listuser.php(30): CodeIgniter\Debug\Exceptions->errorHandler(8, 'Undefined varia...', '/Applications/X...', 30, Array)
#1 /Applications/XAMPP/xamppfiles/htdocs/coach/system/View/View.php(246): include('/Applications/X...')
#2 /Applications/XAMPP/xamppfiles/htdocs/coach/system/Common.php(1119): CodeIgniter\View\View->render('pages/listuser', Array, true)
#3 /Applications/XAMPP/xamppfiles/htdocs/coach/app/Controllers/Admin.php(27): view('pages/listuser', Array)
#4 /Applications/XAMPP/xamppfiles/htdocs/coach/system/CodeIgniter.php(918): App\Controllers\Admin->listuser()
#5 /Applications/XAMPP/xamppfiles/htdocs/coach/system/CodeIgniter.php(404): CodeIgniter\CodeIgniter->runController(Object(App\Controllers\Admin))
#6 /Applications/XAMPP/xamppfiles/htdocs/coach/system/CodeIgniter.php(312): CodeIgniter\CodeIgniter->handleRequest(NULL, Object(Config\Cache), false)
#7 /Applications/XAMPP/xamppfiles/htdocs/coach/public/index.php(45): CodeIgniter\CodeIgniter->run()
#8 /Applications/XAMPP/xamppfiles/htdocs/coach/system/Commands/Server/rewrite.php(34): require_once('/Applications/X...')
#9 {main}
CRITICAL - 2020-12-26 17:44:01 --> Undefined index: create_at
#0 /Applications/XAMPP/xamppfiles/htdocs/coach/app/Views/pages/listuser.php(49): CodeIgniter\Debug\Exceptions->errorHandler(8, 'Undefined index...', '/Applications/X...', 49, Array)
#1 /Applications/XAMPP/xamppfiles/htdocs/coach/system/View/View.php(246): include('/Applications/X...')
#2 /Applications/XAMPP/xamppfiles/htdocs/coach/system/Common.php(1119): CodeIgniter\View\View->render('pages/listuser', Array, true)
#3 /Applications/XAMPP/xamppfiles/htdocs/coach/app/Controllers/Admin.php(27): view('pages/listuser', Array)
#4 /Applications/XAMPP/xamppfiles/htdocs/coach/system/CodeIgniter.php(918): App\Controllers\Admin->listuser()
#5 /Applications/XAMPP/xamppfiles/htdocs/coach/system/CodeIgniter.php(404): CodeIgniter\CodeIgniter->runController(Object(App\Controllers\Admin))
#6 /Applications/XAMPP/xamppfiles/htdocs/coach/system/CodeIgniter.php(312): CodeIgniter\CodeIgniter->handleRequest(NULL, Object(Config\Cache), false)
#7 /Applications/XAMPP/xamppfiles/htdocs/coach/public/index.php(45): CodeIgniter\CodeIgniter->run()
#8 /Applications/XAMPP/xamppfiles/htdocs/coach/system/Commands/Server/rewrite.php(34): require_once('/Applications/X...')
#9 {main}
