CRITICAL - 2021-02-04 00:32:20 --> Undefined index: peran
#0 C:\xampp\htdocs\coaching-clinic-rest-api-master\app\Views\pages\listmateri.php(38): CodeIgniter\Debug\Exceptions->errorHandler(8, 'Undefined index...', 'C:\\xampp\\htdocs...', 38, Array)
#1 C:\xampp\htdocs\coaching-clinic-rest-api-master\system\View\View.php(246): include('C:\\xampp\\htdocs...')
#2 C:\xampp\htdocs\coaching-clinic-rest-api-master\system\Common.php(1119): CodeIgniter\View\View->render('pages/listmater...', Array, true)
#3 C:\xampp\htdocs\coaching-clinic-rest-api-master\app\Controllers\Admin.php(57): view('pages/listmater...', Array)
#4 C:\xampp\htdocs\coaching-clinic-rest-api-master\system\CodeIgniter.php(918): App\Controllers\Admin->listmateri()
#5 C:\xampp\htdocs\coaching-clinic-rest-api-master\system\CodeIgniter.php(404): CodeIgniter\CodeIgniter->runController(Object(App\Controllers\Admin))
#6 C:\xampp\htdocs\coaching-clinic-rest-api-master\system\CodeIgniter.php(312): CodeIgniter\CodeIgniter->handleRequest(NULL, Object(Config\Cache), false)
#7 C:\xampp\htdocs\coaching-clinic-rest-api-master\public\index.php(45): CodeIgniter\CodeIgniter->run()
#8 C:\xampp\htdocs\coaching-clinic-rest-api-master\system\Commands\Server\rewrite.php(34): require_once('C:\\xampp\\htdocs...')
#9 {main}
CRITICAL - 2021-02-04 00:32:59 --> Undefined index: peran
#0 C:\xampp\htdocs\coaching-clinic-rest-api-master\app\Views\pages\listmateri.php(38): CodeIgniter\Debug\Exceptions->errorHandler(8, 'Undefined index...', 'C:\\xampp\\htdocs...', 38, Array)
#1 C:\xampp\htdocs\coaching-clinic-rest-api-master\system\View\View.php(246): include('C:\\xampp\\htdocs...')
#2 C:\xampp\htdocs\coaching-clinic-rest-api-master\system\Common.php(1119): CodeIgniter\View\View->render('pages/listmater...', Array, true)
#3 C:\xampp\htdocs\coaching-clinic-rest-api-master\app\Controllers\Admin.php(57): view('pages/listmater...', Array)
#4 C:\xampp\htdocs\coaching-clinic-rest-api-master\system\CodeIgniter.php(918): App\Controllers\Admin->listmateri()
#5 C:\xampp\htdocs\coaching-clinic-rest-api-master\system\CodeIgniter.php(404): CodeIgniter\CodeIgniter->runController(Object(App\Controllers\Admin))
#6 C:\xampp\htdocs\coaching-clinic-rest-api-master\system\CodeIgniter.php(312): CodeIgniter\CodeIgniter->handleRequest(NULL, Object(Config\Cache), false)
#7 C:\xampp\htdocs\coaching-clinic-rest-api-master\public\index.php(45): CodeIgniter\CodeIgniter->run()
#8 C:\xampp\htdocs\coaching-clinic-rest-api-master\system\Commands\Server\rewrite.php(34): require_once('C:\\xampp\\htdocs...')
#9 {main}
CRITICAL - 2021-02-04 00:33:59 --> Undefined index: peran
#0 C:\xampp\htdocs\coaching-clinic-rest-api-master\app\Views\pages\listmateri.php(38): CodeIgniter\Debug\Exceptions->errorHandler(8, 'Undefined index...', 'C:\\xampp\\htdocs...', 38, Array)
#1 C:\xampp\htdocs\coaching-clinic-rest-api-master\system\View\View.php(246): include('C:\\xampp\\htdocs...')
#2 C:\xampp\htdocs\coaching-clinic-rest-api-master\system\Common.php(1119): CodeIgniter\View\View->render('pages/listmater...', Array, true)
#3 C:\xampp\htdocs\coaching-clinic-rest-api-master\app\Controllers\Admin.php(57): view('pages/listmater...', Array)
#4 C:\xampp\htdocs\coaching-clinic-rest-api-master\system\CodeIgniter.php(918): App\Controllers\Admin->listmateri()
#5 C:\xampp\htdocs\coaching-clinic-rest-api-master\system\CodeIgniter.php(404): CodeIgniter\CodeIgniter->runController(Object(App\Controllers\Admin))
#6 C:\xampp\htdocs\coaching-clinic-rest-api-master\system\CodeIgniter.php(312): CodeIgniter\CodeIgniter->handleRequest(NULL, Object(Config\Cache), false)
#7 C:\xampp\htdocs\coaching-clinic-rest-api-master\public\index.php(45): CodeIgniter\CodeIgniter->run()
#8 C:\xampp\htdocs\coaching-clinic-rest-api-master\system\Commands\Server\rewrite.php(34): require_once('C:\\xampp\\htdocs...')
#9 {main}
CRITICAL - 2021-02-04 00:37:58 --> Undefined index: peran
#0 C:\xampp\htdocs\coaching-clinic-rest-api-master\app\Views\pages\listmateri.php(38): CodeIgniter\Debug\Exceptions->errorHandler(8, 'Undefined index...', 'C:\\xampp\\htdocs...', 38, Array)
#1 C:\xampp\htdocs\coaching-clinic-rest-api-master\system\View\View.php(246): include('C:\\xampp\\htdocs...')
#2 C:\xampp\htdocs\coaching-clinic-rest-api-master\system\Common.php(1119): CodeIgniter\View\View->render('pages/listmater...', Array, true)
#3 C:\xampp\htdocs\coaching-clinic-rest-api-master\app\Controllers\Admin.php(57): view('pages/listmater...', Array)
#4 C:\xampp\htdocs\coaching-clinic-rest-api-master\system\CodeIgniter.php(918): App\Controllers\Admin->listmateri()
#5 C:\xampp\htdocs\coaching-clinic-rest-api-master\system\CodeIgniter.php(404): CodeIgniter\CodeIgniter->runController(Object(App\Controllers\Admin))
#6 C:\xampp\htdocs\coaching-clinic-rest-api-master\system\CodeIgniter.php(312): CodeIgniter\CodeIgniter->handleRequest(NULL, Object(Config\Cache), false)
#7 C:\xampp\htdocs\coaching-clinic-rest-api-master\public\index.php(45): CodeIgniter\CodeIgniter->run()
#8 C:\xampp\htdocs\coaching-clinic-rest-api-master\system\Commands\Server\rewrite.php(34): require_once('C:\\xampp\\htdocs...')
#9 {main}
CRITICAL - 2021-02-04 00:38:28 --> Undefined index: peran
#0 C:\xampp\htdocs\coaching-clinic-rest-api-master\app\Views\pages\listmateri.php(38): CodeIgniter\Debug\Exceptions->errorHandler(8, 'Undefined index...', 'C:\\xampp\\htdocs...', 38, Array)
#1 C:\xampp\htdocs\coaching-clinic-rest-api-master\system\View\View.php(246): include('C:\\xampp\\htdocs...')
#2 C:\xampp\htdocs\coaching-clinic-rest-api-master\system\Common.php(1119): CodeIgniter\View\View->render('pages/listmater...', Array, true)
#3 C:\xampp\htdocs\coaching-clinic-rest-api-master\app\Controllers\Admin.php(57): view('pages/listmater...', Array)
#4 C:\xampp\htdocs\coaching-clinic-rest-api-master\system\CodeIgniter.php(918): App\Controllers\Admin->listmateri()
#5 C:\xampp\htdocs\coaching-clinic-rest-api-master\system\CodeIgniter.php(404): CodeIgniter\CodeIgniter->runController(Object(App\Controllers\Admin))
#6 C:\xampp\htdocs\coaching-clinic-rest-api-master\system\CodeIgniter.php(312): CodeIgniter\CodeIgniter->handleRequest(NULL, Object(Config\Cache), false)
#7 C:\xampp\htdocs\coaching-clinic-rest-api-master\public\index.php(45): CodeIgniter\CodeIgniter->run()
#8 C:\xampp\htdocs\coaching-clinic-rest-api-master\system\Commands\Server\rewrite.php(34): require_once('C:\\xampp\\htdocs...')
#9 {main}
CRITICAL - 2021-02-04 00:38:57 --> Undefined index: peran
#0 C:\xampp\htdocs\coaching-clinic-rest-api-master\app\Views\pages\listmateri.php(38): CodeIgniter\Debug\Exceptions->errorHandler(8, 'Undefined index...', 'C:\\xampp\\htdocs...', 38, Array)
#1 C:\xampp\htdocs\coaching-clinic-rest-api-master\system\View\View.php(246): include('C:\\xampp\\htdocs...')
#2 C:\xampp\htdocs\coaching-clinic-rest-api-master\system\Common.php(1119): CodeIgniter\View\View->render('pages/listmater...', Array, true)
#3 C:\xampp\htdocs\coaching-clinic-rest-api-master\app\Controllers\Admin.php(57): view('pages/listmater...', Array)
#4 C:\xampp\htdocs\coaching-clinic-rest-api-master\system\CodeIgniter.php(918): App\Controllers\Admin->listmateri()
#5 C:\xampp\htdocs\coaching-clinic-rest-api-master\system\CodeIgniter.php(404): CodeIgniter\CodeIgniter->runController(Object(App\Controllers\Admin))
#6 C:\xampp\htdocs\coaching-clinic-rest-api-master\system\CodeIgniter.php(312): CodeIgniter\CodeIgniter->handleRequest(NULL, Object(Config\Cache), false)
#7 C:\xampp\htdocs\coaching-clinic-rest-api-master\public\index.php(45): CodeIgniter\CodeIgniter->run()
#8 C:\xampp\htdocs\coaching-clinic-rest-api-master\system\Commands\Server\rewrite.php(34): require_once('C:\\xampp\\htdocs...')
#9 {main}
CRITICAL - 2021-02-04 00:39:05 --> Undefined index: peran
#0 C:\xampp\htdocs\coaching-clinic-rest-api-master\app\Views\pages\listmateri.php(38): CodeIgniter\Debug\Exceptions->errorHandler(8, 'Undefined index...', 'C:\\xampp\\htdocs...', 38, Array)
#1 C:\xampp\htdocs\coaching-clinic-rest-api-master\system\View\View.php(246): include('C:\\xampp\\htdocs...')
#2 C:\xampp\htdocs\coaching-clinic-rest-api-master\system\Common.php(1119): CodeIgniter\View\View->render('pages/listmater...', Array, true)
#3 C:\xampp\htdocs\coaching-clinic-rest-api-master\app\Controllers\Admin.php(57): view('pages/listmater...', Array)
#4 C:\xampp\htdocs\coaching-clinic-rest-api-master\system\CodeIgniter.php(918): App\Controllers\Admin->listmateri()
#5 C:\xampp\htdocs\coaching-clinic-rest-api-master\system\CodeIgniter.php(404): CodeIgniter\CodeIgniter->runController(Object(App\Controllers\Admin))
#6 C:\xampp\htdocs\coaching-clinic-rest-api-master\system\CodeIgniter.php(312): CodeIgniter\CodeIgniter->handleRequest(NULL, Object(Config\Cache), false)
#7 C:\xampp\htdocs\coaching-clinic-rest-api-master\public\index.php(45): CodeIgniter\CodeIgniter->run()
#8 C:\xampp\htdocs\coaching-clinic-rest-api-master\system\Commands\Server\rewrite.php(34): require_once('C:\\xampp\\htdocs...')
#9 {main}
CRITICAL - 2021-02-04 00:39:47 --> Undefined index: peran
#0 C:\xampp\htdocs\coaching-clinic-rest-api-master\app\Views\pages\listmateri.php(38): CodeIgniter\Debug\Exceptions->errorHandler(8, 'Undefined index...', 'C:\\xampp\\htdocs...', 38, Array)
#1 C:\xampp\htdocs\coaching-clinic-rest-api-master\system\View\View.php(246): include('C:\\xampp\\htdocs...')
#2 C:\xampp\htdocs\coaching-clinic-rest-api-master\system\Common.php(1119): CodeIgniter\View\View->render('pages/listmater...', Array, true)
#3 C:\xampp\htdocs\coaching-clinic-rest-api-master\app\Controllers\Admin.php(57): view('pages/listmater...', Array)
#4 C:\xampp\htdocs\coaching-clinic-rest-api-master\system\CodeIgniter.php(918): App\Controllers\Admin->listmateri()
#5 C:\xampp\htdocs\coaching-clinic-rest-api-master\system\CodeIgniter.php(404): CodeIgniter\CodeIgniter->runController(Object(App\Controllers\Admin))
#6 C:\xampp\htdocs\coaching-clinic-rest-api-master\system\CodeIgniter.php(312): CodeIgniter\CodeIgniter->handleRequest(NULL, Object(Config\Cache), false)
#7 C:\xampp\htdocs\coaching-clinic-rest-api-master\public\index.php(45): CodeIgniter\CodeIgniter->run()
#8 C:\xampp\htdocs\coaching-clinic-rest-api-master\system\Commands\Server\rewrite.php(34): require_once('C:\\xampp\\htdocs...')
#9 {main}
CRITICAL - 2021-02-04 00:40:00 --> Undefined index: peran
#0 C:\xampp\htdocs\coaching-clinic-rest-api-master\app\Views\pages\listmateri.php(38): CodeIgniter\Debug\Exceptions->errorHandler(8, 'Undefined index...', 'C:\\xampp\\htdocs...', 38, Array)
#1 C:\xampp\htdocs\coaching-clinic-rest-api-master\system\View\View.php(246): include('C:\\xampp\\htdocs...')
#2 C:\xampp\htdocs\coaching-clinic-rest-api-master\system\Common.php(1119): CodeIgniter\View\View->render('pages/listmater...', Array, true)
#3 C:\xampp\htdocs\coaching-clinic-rest-api-master\app\Controllers\Admin.php(57): view('pages/listmater...', Array)
#4 C:\xampp\htdocs\coaching-clinic-rest-api-master\system\CodeIgniter.php(918): App\Controllers\Admin->listmateri()
#5 C:\xampp\htdocs\coaching-clinic-rest-api-master\system\CodeIgniter.php(404): CodeIgniter\CodeIgniter->runController(Object(App\Controllers\Admin))
#6 C:\xampp\htdocs\coaching-clinic-rest-api-master\system\CodeIgniter.php(312): CodeIgniter\CodeIgniter->handleRequest(NULL, Object(Config\Cache), false)
#7 C:\xampp\htdocs\coaching-clinic-rest-api-master\public\index.php(45): CodeIgniter\CodeIgniter->run()
#8 C:\xampp\htdocs\coaching-clinic-rest-api-master\system\Commands\Server\rewrite.php(34): require_once('C:\\xampp\\htdocs...')
#9 {main}
CRITICAL - 2021-02-04 00:40:42 --> Undefined index: peran
#0 C:\xampp\htdocs\coaching-clinic-rest-api-master\app\Views\pages\listmateri.php(38): CodeIgniter\Debug\Exceptions->errorHandler(8, 'Undefined index...', 'C:\\xampp\\htdocs...', 38, Array)
#1 C:\xampp\htdocs\coaching-clinic-rest-api-master\system\View\View.php(246): include('C:\\xampp\\htdocs...')
#2 C:\xampp\htdocs\coaching-clinic-rest-api-master\system\Common.php(1119): CodeIgniter\View\View->render('pages/listmater...', Array, true)
#3 C:\xampp\htdocs\coaching-clinic-rest-api-master\app\Controllers\Admin.php(57): view('pages/listmater...', Array)
#4 C:\xampp\htdocs\coaching-clinic-rest-api-master\system\CodeIgniter.php(918): App\Controllers\Admin->listmateri()
#5 C:\xampp\htdocs\coaching-clinic-rest-api-master\system\CodeIgniter.php(404): CodeIgniter\CodeIgniter->runController(Object(App\Controllers\Admin))
#6 C:\xampp\htdocs\coaching-clinic-rest-api-master\system\CodeIgniter.php(312): CodeIgniter\CodeIgniter->handleRequest(NULL, Object(Config\Cache), false)
#7 C:\xampp\htdocs\coaching-clinic-rest-api-master\public\index.php(45): CodeIgniter\CodeIgniter->run()
#8 C:\xampp\htdocs\coaching-clinic-rest-api-master\system\Commands\Server\rewrite.php(34): require_once('C:\\xampp\\htdocs...')
#9 {main}
CRITICAL - 2021-02-04 00:43:05 --> unlink(img/): Is a directory
#0 [internal function]: CodeIgniter\Debug\Exceptions->errorHandler(2, 'unlink(img/): I...', 'C:\\xampp\\htdocs...', 146, Array)
#1 C:\xampp\htdocs\coaching-clinic-rest-api-master\app\Controllers\Admin.php(146): unlink('img/')
#2 C:\xampp\htdocs\coaching-clinic-rest-api-master\system\CodeIgniter.php(918): App\Controllers\Admin->deleteuser('10')
#3 C:\xampp\htdocs\coaching-clinic-rest-api-master\system\CodeIgniter.php(404): CodeIgniter\CodeIgniter->runController(Object(App\Controllers\Admin))
#4 C:\xampp\htdocs\coaching-clinic-rest-api-master\system\CodeIgniter.php(312): CodeIgniter\CodeIgniter->handleRequest(NULL, Object(Config\Cache), false)
#5 C:\xampp\htdocs\coaching-clinic-rest-api-master\public\index.php(45): CodeIgniter\CodeIgniter->run()
#6 C:\xampp\htdocs\coaching-clinic-rest-api-master\system\Commands\Server\rewrite.php(34): require_once('C:\\xampp\\htdocs...')
#7 {main}
CRITICAL - 2021-02-04 00:43:12 --> unlink(img/): Is a directory
#0 [internal function]: CodeIgniter\Debug\Exceptions->errorHandler(2, 'unlink(img/): I...', 'C:\\xampp\\htdocs...', 146, Array)
#1 C:\xampp\htdocs\coaching-clinic-rest-api-master\app\Controllers\Admin.php(146): unlink('img/')
#2 C:\xampp\htdocs\coaching-clinic-rest-api-master\system\CodeIgniter.php(918): App\Controllers\Admin->deleteuser('10')
#3 C:\xampp\htdocs\coaching-clinic-rest-api-master\system\CodeIgniter.php(404): CodeIgniter\CodeIgniter->runController(Object(App\Controllers\Admin))
#4 C:\xampp\htdocs\coaching-clinic-rest-api-master\system\CodeIgniter.php(312): CodeIgniter\CodeIgniter->handleRequest(NULL, Object(Config\Cache), false)
#5 C:\xampp\htdocs\coaching-clinic-rest-api-master\public\index.php(45): CodeIgniter\CodeIgniter->run()
#6 C:\xampp\htdocs\coaching-clinic-rest-api-master\system\Commands\Server\rewrite.php(34): require_once('C:\\xampp\\htdocs...')
#7 {main}
CRITICAL - 2021-02-04 00:43:15 --> unlink(img/): Is a directory
#0 [internal function]: CodeIgniter\Debug\Exceptions->errorHandler(2, 'unlink(img/): I...', 'C:\\xampp\\htdocs...', 146, Array)
#1 C:\xampp\htdocs\coaching-clinic-rest-api-master\app\Controllers\Admin.php(146): unlink('img/')
#2 C:\xampp\htdocs\coaching-clinic-rest-api-master\system\CodeIgniter.php(918): App\Controllers\Admin->deleteuser('1')
#3 C:\xampp\htdocs\coaching-clinic-rest-api-master\system\CodeIgniter.php(404): CodeIgniter\CodeIgniter->runController(Object(App\Controllers\Admin))
#4 C:\xampp\htdocs\coaching-clinic-rest-api-master\system\CodeIgniter.php(312): CodeIgniter\CodeIgniter->handleRequest(NULL, Object(Config\Cache), false)
#5 C:\xampp\htdocs\coaching-clinic-rest-api-master\public\index.php(45): CodeIgniter\CodeIgniter->run()
#6 C:\xampp\htdocs\coaching-clinic-rest-api-master\system\Commands\Server\rewrite.php(34): require_once('C:\\xampp\\htdocs...')
#7 {main}
CRITICAL - 2021-02-04 00:44:00 --> unlink(img/): Is a directory
#0 [internal function]: CodeIgniter\Debug\Exceptions->errorHandler(2, 'unlink(img/): I...', 'C:\\xampp\\htdocs...', 146, Array)
#1 C:\xampp\htdocs\coaching-clinic-rest-api-master\app\Controllers\Admin.php(146): unlink('img/')
#2 C:\xampp\htdocs\coaching-clinic-rest-api-master\system\CodeIgniter.php(918): App\Controllers\Admin->deleteuser('10')
#3 C:\xampp\htdocs\coaching-clinic-rest-api-master\system\CodeIgniter.php(404): CodeIgniter\CodeIgniter->runController(Object(App\Controllers\Admin))
#4 C:\xampp\htdocs\coaching-clinic-rest-api-master\system\CodeIgniter.php(312): CodeIgniter\CodeIgniter->handleRequest(NULL, Object(Config\Cache), false)
#5 C:\xampp\htdocs\coaching-clinic-rest-api-master\public\index.php(45): CodeIgniter\CodeIgniter->run()
#6 C:\xampp\htdocs\coaching-clinic-rest-api-master\system\Commands\Server\rewrite.php(34): require_once('C:\\xampp\\htdocs...')
#7 {main}
CRITICAL - 2021-02-04 00:45:48 --> unlink(img/): Is a directory
#0 [internal function]: CodeIgniter\Debug\Exceptions->errorHandler(2, 'unlink(img/): I...', 'C:\\xampp\\htdocs...', 146, Array)
#1 C:\xampp\htdocs\coaching-clinic-rest-api-master\app\Controllers\Admin.php(146): unlink('img/')
#2 C:\xampp\htdocs\coaching-clinic-rest-api-master\system\CodeIgniter.php(918): App\Controllers\Admin->deleteuser('1')
#3 C:\xampp\htdocs\coaching-clinic-rest-api-master\system\CodeIgniter.php(404): CodeIgniter\CodeIgniter->runController(Object(App\Controllers\Admin))
#4 C:\xampp\htdocs\coaching-clinic-rest-api-master\system\CodeIgniter.php(312): CodeIgniter\CodeIgniter->handleRequest(NULL, Object(Config\Cache), false)
#5 C:\xampp\htdocs\coaching-clinic-rest-api-master\public\index.php(45): CodeIgniter\CodeIgniter->run()
#6 C:\xampp\htdocs\coaching-clinic-rest-api-master\system\Commands\Server\rewrite.php(34): require_once('C:\\xampp\\htdocs...')
#7 {main}
CRITICAL - 2021-02-04 00:55:15 --> unlink(img/): Is a directory
#0 [internal function]: CodeIgniter\Debug\Exceptions->errorHandler(2, 'unlink(img/): I...', 'C:\\xampp\\htdocs...', 146, Array)
#1 C:\xampp\htdocs\coaching-clinic-rest-api-master\app\Controllers\Admin.php(146): unlink('img/')
#2 C:\xampp\htdocs\coaching-clinic-rest-api-master\system\CodeIgniter.php(918): App\Controllers\Admin->deleteuser('10')
#3 C:\xampp\htdocs\coaching-clinic-rest-api-master\system\CodeIgniter.php(404): CodeIgniter\CodeIgniter->runController(Object(App\Controllers\Admin))
#4 C:\xampp\htdocs\coaching-clinic-rest-api-master\system\CodeIgniter.php(312): CodeIgniter\CodeIgniter->handleRequest(NULL, Object(Config\Cache), false)
#5 C:\xampp\htdocs\coaching-clinic-rest-api-master\public\index.php(45): CodeIgniter\CodeIgniter->run()
#6 C:\xampp\htdocs\coaching-clinic-rest-api-master\system\Commands\Server\rewrite.php(34): require_once('C:\\xampp\\htdocs...')
#7 {main}
CRITICAL - 2021-02-04 00:55:25 --> unlink(img/): Is a directory
#0 [internal function]: CodeIgniter\Debug\Exceptions->errorHandler(2, 'unlink(img/): I...', 'C:\\xampp\\htdocs...', 146, Array)
#1 C:\xampp\htdocs\coaching-clinic-rest-api-master\app\Controllers\Admin.php(146): unlink('img/')
#2 C:\xampp\htdocs\coaching-clinic-rest-api-master\system\CodeIgniter.php(918): App\Controllers\Admin->deleteuser('10')
#3 C:\xampp\htdocs\coaching-clinic-rest-api-master\system\CodeIgniter.php(404): CodeIgniter\CodeIgniter->runController(Object(App\Controllers\Admin))
#4 C:\xampp\htdocs\coaching-clinic-rest-api-master\system\CodeIgniter.php(312): CodeIgniter\CodeIgniter->handleRequest(NULL, Object(Config\Cache), false)
#5 C:\xampp\htdocs\coaching-clinic-rest-api-master\public\index.php(45): CodeIgniter\CodeIgniter->run()
#6 C:\xampp\htdocs\coaching-clinic-rest-api-master\system\Commands\Server\rewrite.php(34): require_once('C:\\xampp\\htdocs...')
#7 {main}
CRITICAL - 2021-02-04 00:55:33 --> unlink(img/): Is a directory
#0 [internal function]: CodeIgniter\Debug\Exceptions->errorHandler(2, 'unlink(img/): I...', 'C:\\xampp\\htdocs...', 146, Array)
#1 C:\xampp\htdocs\coaching-clinic-rest-api-master\app\Controllers\Admin.php(146): unlink('img/')
#2 C:\xampp\htdocs\coaching-clinic-rest-api-master\system\CodeIgniter.php(918): App\Controllers\Admin->deleteuser('1')
#3 C:\xampp\htdocs\coaching-clinic-rest-api-master\system\CodeIgniter.php(404): CodeIgniter\CodeIgniter->runController(Object(App\Controllers\Admin))
#4 C:\xampp\htdocs\coaching-clinic-rest-api-master\system\CodeIgniter.php(312): CodeIgniter\CodeIgniter->handleRequest(NULL, Object(Config\Cache), false)
#5 C:\xampp\htdocs\coaching-clinic-rest-api-master\public\index.php(45): CodeIgniter\CodeIgniter->run()
#6 C:\xampp\htdocs\coaching-clinic-rest-api-master\system\Commands\Server\rewrite.php(34): require_once('C:\\xampp\\htdocs...')
#7 {main}
CRITICAL - 2021-02-04 01:30:13 --> Duplicate entry 'kris' for key 'pembuat_materi'
#0 C:\xampp\htdocs\coaching-clinic-rest-api-master\system\Database\MySQLi\Connection.php(331): mysqli->query('INSERT INTO `ma...')
#1 C:\xampp\htdocs\coaching-clinic-rest-api-master\system\Database\BaseConnection.php(741): CodeIgniter\Database\MySQLi\Connection->execute('INSERT INTO `ma...')
#2 C:\xampp\htdocs\coaching-clinic-rest-api-master\system\Database\BaseConnection.php(669): CodeIgniter\Database\BaseConnection->simpleQuery('INSERT INTO `ma...')
#3 C:\xampp\htdocs\coaching-clinic-rest-api-master\system\Database\BaseBuilder.php(2249): CodeIgniter\Database\BaseConnection->query('INSERT INTO `ma...', Array, false)
#4 C:\xampp\htdocs\coaching-clinic-rest-api-master\system\Model.php(755): CodeIgniter\Database\BaseBuilder->insert()
#5 C:\xampp\htdocs\coaching-clinic-rest-api-master\system\Model.php(574): CodeIgniter\Model->insert(Array, false)
#6 C:\xampp\htdocs\coaching-clinic-rest-api-master\app\Controllers\Coach.php(137): CodeIgniter\Model->save(Array)
#7 C:\xampp\htdocs\coaching-clinic-rest-api-master\system\CodeIgniter.php(918): App\Controllers\Coach->prosestambahmatericoach()
#8 C:\xampp\htdocs\coaching-clinic-rest-api-master\system\CodeIgniter.php(404): CodeIgniter\CodeIgniter->runController(Object(App\Controllers\Coach))
#9 C:\xampp\htdocs\coaching-clinic-rest-api-master\system\CodeIgniter.php(312): CodeIgniter\CodeIgniter->handleRequest(NULL, Object(Config\Cache), false)
#10 C:\xampp\htdocs\coaching-clinic-rest-api-master\public\index.php(45): CodeIgniter\CodeIgniter->run()
#11 C:\xampp\htdocs\coaching-clinic-rest-api-master\system\Commands\Server\rewrite.php(34): require_once('C:\\xampp\\htdocs...')
#12 {main}
CRITICAL - 2021-02-04 12:35:05 --> Duplicate entry 'kris' for key 'pembuat_materi'
#0 C:\xampp\htdocs\coaching-clinic-rest-api-master\system\Database\MySQLi\Connection.php(331): mysqli->query('INSERT INTO `ma...')
#1 C:\xampp\htdocs\coaching-clinic-rest-api-master\system\Database\BaseConnection.php(741): CodeIgniter\Database\MySQLi\Connection->execute('INSERT INTO `ma...')
#2 C:\xampp\htdocs\coaching-clinic-rest-api-master\system\Database\BaseConnection.php(669): CodeIgniter\Database\BaseConnection->simpleQuery('INSERT INTO `ma...')
#3 C:\xampp\htdocs\coaching-clinic-rest-api-master\system\Database\BaseBuilder.php(2249): CodeIgniter\Database\BaseConnection->query('INSERT INTO `ma...', Array, false)
#4 C:\xampp\htdocs\coaching-clinic-rest-api-master\system\Model.php(755): CodeIgniter\Database\BaseBuilder->insert()
#5 C:\xampp\htdocs\coaching-clinic-rest-api-master\system\Model.php(574): CodeIgniter\Model->insert(Array, false)
#6 C:\xampp\htdocs\coaching-clinic-rest-api-master\app\Controllers\Coach.php(137): CodeIgniter\Model->save(Array)
#7 C:\xampp\htdocs\coaching-clinic-rest-api-master\system\CodeIgniter.php(918): App\Controllers\Coach->prosestambahmatericoach()
#8 C:\xampp\htdocs\coaching-clinic-rest-api-master\system\CodeIgniter.php(404): CodeIgniter\CodeIgniter->runController(Object(App\Controllers\Coach))
#9 C:\xampp\htdocs\coaching-clinic-rest-api-master\system\CodeIgniter.php(312): CodeIgniter\CodeIgniter->handleRequest(NULL, Object(Config\Cache), false)
#10 C:\xampp\htdocs\coaching-clinic-rest-api-master\public\index.php(45): CodeIgniter\CodeIgniter->run()
#11 C:\xampp\htdocs\coaching-clinic-rest-api-master\system\Commands\Server\rewrite.php(34): require_once('C:\\xampp\\htdocs...')
#12 {main}
CRITICAL - 2021-02-04 12:35:37 --> Duplicate entry 'kris' for key 'pembuat_materi'
#0 C:\xampp\htdocs\coaching-clinic-rest-api-master\system\Database\MySQLi\Connection.php(331): mysqli->query('INSERT INTO `ma...')
#1 C:\xampp\htdocs\coaching-clinic-rest-api-master\system\Database\BaseConnection.php(741): CodeIgniter\Database\MySQLi\Connection->execute('INSERT INTO `ma...')
#2 C:\xampp\htdocs\coaching-clinic-rest-api-master\system\Database\BaseConnection.php(669): CodeIgniter\Database\BaseConnection->simpleQuery('INSERT INTO `ma...')
#3 C:\xampp\htdocs\coaching-clinic-rest-api-master\system\Database\BaseBuilder.php(2249): CodeIgniter\Database\BaseConnection->query('INSERT INTO `ma...', Array, false)
#4 C:\xampp\htdocs\coaching-clinic-rest-api-master\system\Model.php(755): CodeIgniter\Database\BaseBuilder->insert()
#5 C:\xampp\htdocs\coaching-clinic-rest-api-master\system\Model.php(574): CodeIgniter\Model->insert(Array, false)
#6 C:\xampp\htdocs\coaching-clinic-rest-api-master\app\Controllers\Coach.php(137): CodeIgniter\Model->save(Array)
#7 C:\xampp\htdocs\coaching-clinic-rest-api-master\system\CodeIgniter.php(918): App\Controllers\Coach->prosestambahmatericoach()
#8 C:\xampp\htdocs\coaching-clinic-rest-api-master\system\CodeIgniter.php(404): CodeIgniter\CodeIgniter->runController(Object(App\Controllers\Coach))
#9 C:\xampp\htdocs\coaching-clinic-rest-api-master\system\CodeIgniter.php(312): CodeIgniter\CodeIgniter->handleRequest(NULL, Object(Config\Cache), false)
#10 C:\xampp\htdocs\coaching-clinic-rest-api-master\public\index.php(45): CodeIgniter\CodeIgniter->run()
#11 C:\xampp\htdocs\coaching-clinic-rest-api-master\system\Commands\Server\rewrite.php(34): require_once('C:\\xampp\\htdocs...')
#12 {main}
CRITICAL - 2021-02-04 20:05:13 --> Duplicate entry 'kris' for key 'pembuat_materi'
#0 C:\xampp\htdocs\coaching-clinic-rest-api-master\system\Database\MySQLi\Connection.php(331): mysqli->query('INSERT INTO `ma...')
#1 C:\xampp\htdocs\coaching-clinic-rest-api-master\system\Database\BaseConnection.php(741): CodeIgniter\Database\MySQLi\Connection->execute('INSERT INTO `ma...')
#2 C:\xampp\htdocs\coaching-clinic-rest-api-master\system\Database\BaseConnection.php(669): CodeIgniter\Database\BaseConnection->simpleQuery('INSERT INTO `ma...')
#3 C:\xampp\htdocs\coaching-clinic-rest-api-master\system\Database\BaseBuilder.php(2249): CodeIgniter\Database\BaseConnection->query('INSERT INTO `ma...', Array, false)
#4 C:\xampp\htdocs\coaching-clinic-rest-api-master\system\Model.php(755): CodeIgniter\Database\BaseBuilder->insert()
#5 C:\xampp\htdocs\coaching-clinic-rest-api-master\system\Model.php(574): CodeIgniter\Model->insert(Array, false)
#6 C:\xampp\htdocs\coaching-clinic-rest-api-master\app\Controllers\Coach.php(137): CodeIgniter\Model->save(Array)
#7 C:\xampp\htdocs\coaching-clinic-rest-api-master\system\CodeIgniter.php(918): App\Controllers\Coach->prosestambahmatericoach()
#8 C:\xampp\htdocs\coaching-clinic-rest-api-master\system\CodeIgniter.php(404): CodeIgniter\CodeIgniter->runController(Object(App\Controllers\Coach))
#9 C:\xampp\htdocs\coaching-clinic-rest-api-master\system\CodeIgniter.php(312): CodeIgniter\CodeIgniter->handleRequest(NULL, Object(Config\Cache), false)
#10 C:\xampp\htdocs\coaching-clinic-rest-api-master\public\index.php(45): CodeIgniter\CodeIgniter->run()
#11 C:\xampp\htdocs\coaching-clinic-rest-api-master\system\Commands\Server\rewrite.php(34): require_once('C:\\xampp\\htdocs...')
#12 {main}
CRITICAL - 2021-02-04 20:13:50 --> Undefined index: peran
#0 C:\xampp\htdocs\coaching-clinic-rest-api-master\app\Views\pages\listmateri.php(38): CodeIgniter\Debug\Exceptions->errorHandler(8, 'Undefined index...', 'C:\\xampp\\htdocs...', 38, Array)
#1 C:\xampp\htdocs\coaching-clinic-rest-api-master\system\View\View.php(246): include('C:\\xampp\\htdocs...')
#2 C:\xampp\htdocs\coaching-clinic-rest-api-master\system\Common.php(1119): CodeIgniter\View\View->render('pages/listmater...', Array, true)
#3 C:\xampp\htdocs\coaching-clinic-rest-api-master\app\Controllers\Admin.php(57): view('pages/listmater...', Array)
#4 C:\xampp\htdocs\coaching-clinic-rest-api-master\system\CodeIgniter.php(918): App\Controllers\Admin->listmateri()
#5 C:\xampp\htdocs\coaching-clinic-rest-api-master\system\CodeIgniter.php(404): CodeIgniter\CodeIgniter->runController(Object(App\Controllers\Admin))
#6 C:\xampp\htdocs\coaching-clinic-rest-api-master\system\CodeIgniter.php(312): CodeIgniter\CodeIgniter->handleRequest(NULL, Object(Config\Cache), false)
#7 C:\xampp\htdocs\coaching-clinic-rest-api-master\public\index.php(45): CodeIgniter\CodeIgniter->run()
#8 C:\xampp\htdocs\coaching-clinic-rest-api-master\system\Commands\Server\rewrite.php(34): require_once('C:\\xampp\\htdocs...')
#9 {main}
CRITICAL - 2021-02-04 20:14:10 --> Undefined index: peran
#0 C:\xampp\htdocs\coaching-clinic-rest-api-master\app\Views\pages\listmateri.php(38): CodeIgniter\Debug\Exceptions->errorHandler(8, 'Undefined index...', 'C:\\xampp\\htdocs...', 38, Array)
#1 C:\xampp\htdocs\coaching-clinic-rest-api-master\system\View\View.php(246): include('C:\\xampp\\htdocs...')
#2 C:\xampp\htdocs\coaching-clinic-rest-api-master\system\Common.php(1119): CodeIgniter\View\View->render('pages/listmater...', Array, true)
#3 C:\xampp\htdocs\coaching-clinic-rest-api-master\app\Controllers\Admin.php(57): view('pages/listmater...', Array)
#4 C:\xampp\htdocs\coaching-clinic-rest-api-master\system\CodeIgniter.php(918): App\Controllers\Admin->listmateri()
#5 C:\xampp\htdocs\coaching-clinic-rest-api-master\system\CodeIgniter.php(404): CodeIgniter\CodeIgniter->runController(Object(App\Controllers\Admin))
#6 C:\xampp\htdocs\coaching-clinic-rest-api-master\system\CodeIgniter.php(312): CodeIgniter\CodeIgniter->handleRequest(NULL, Object(Config\Cache), false)
#7 C:\xampp\htdocs\coaching-clinic-rest-api-master\public\index.php(45): CodeIgniter\CodeIgniter->run()
#8 C:\xampp\htdocs\coaching-clinic-rest-api-master\system\Commands\Server\rewrite.php(34): require_once('C:\\xampp\\htdocs...')
#9 {main}
CRITICAL - 2021-02-04 20:14:18 --> Undefined index: peran
#0 C:\xampp\htdocs\coaching-clinic-rest-api-master\app\Views\pages\listmateri.php(38): CodeIgniter\Debug\Exceptions->errorHandler(8, 'Undefined index...', 'C:\\xampp\\htdocs...', 38, Array)
#1 C:\xampp\htdocs\coaching-clinic-rest-api-master\system\View\View.php(246): include('C:\\xampp\\htdocs...')
#2 C:\xampp\htdocs\coaching-clinic-rest-api-master\system\Common.php(1119): CodeIgniter\View\View->render('pages/listmater...', Array, true)
#3 C:\xampp\htdocs\coaching-clinic-rest-api-master\app\Controllers\Admin.php(57): view('pages/listmater...', Array)
#4 C:\xampp\htdocs\coaching-clinic-rest-api-master\system\CodeIgniter.php(918): App\Controllers\Admin->listmateri()
#5 C:\xampp\htdocs\coaching-clinic-rest-api-master\system\CodeIgniter.php(404): CodeIgniter\CodeIgniter->runController(Object(App\Controllers\Admin))
#6 C:\xampp\htdocs\coaching-clinic-rest-api-master\system\CodeIgniter.php(312): CodeIgniter\CodeIgniter->handleRequest(NULL, Object(Config\Cache), false)
#7 C:\xampp\htdocs\coaching-clinic-rest-api-master\public\index.php(45): CodeIgniter\CodeIgniter->run()
#8 C:\xampp\htdocs\coaching-clinic-rest-api-master\system\Commands\Server\rewrite.php(34): require_once('C:\\xampp\\htdocs...')
#9 {main}
