CRITICAL - 2020-12-25 12:31:35 --> Unable to connect to the database.
#0 /Applications/XAMPP/xamppfiles/htdocs/coach/system/Database/BaseConnection.php(646): CodeIgniter\Database\BaseConnection->initialize()
#1 /Applications/XAMPP/xamppfiles/htdocs/coach/system/Database/BaseConnection.php(1548): CodeIgniter\Database\BaseConnection->query('SHOW TABLES FRO...')
#2 /Applications/XAMPP/xamppfiles/htdocs/coach/system/Database/BaseConnection.php(1591): CodeIgniter\Database\BaseConnection->listTables()
#3 /Applications/XAMPP/xamppfiles/htdocs/coach/system/Database/MigrationRunner.php(945): CodeIgniter\Database\BaseConnection->tableExists('migrations')
#4 /Applications/XAMPP/xamppfiles/htdocs/coach/system/Database/MigrationRunner.php(193): CodeIgniter\Database\MigrationRunner->ensureTable()
#5 /Applications/XAMPP/xamppfiles/htdocs/coach/system/Commands/Database/Migrate.php(128): CodeIgniter\Database\MigrationRunner->latest(NULL)
#6 /Applications/XAMPP/xamppfiles/htdocs/coach/system/CLI/Commands.php(100): CodeIgniter\Commands\Database\Migrate->run(Array)
#7 /Applications/XAMPP/xamppfiles/htdocs/coach/system/CLI/CommandRunner.php(107): CodeIgniter\CLI\Commands->run('migrate', Array)
#8 /Applications/XAMPP/xamppfiles/htdocs/coach/system/CLI/CommandRunner.php(85): CodeIgniter\CLI\CommandRunner->index(Array)
#9 /Applications/XAMPP/xamppfiles/htdocs/coach/system/CodeIgniter.php(914): CodeIgniter\CLI\CommandRunner->_remap('index', 'migrate')
#10 /Applications/XAMPP/xamppfiles/htdocs/coach/system/CodeIgniter.php(404): CodeIgniter\CodeIgniter->runController(Object(CodeIgniter\CLI\CommandRunner))
#11 /Applications/XAMPP/xamppfiles/htdocs/coach/system/CodeIgniter.php(312): CodeIgniter\CodeIgniter->handleRequest(NULL, Object(Config\Cache), false)
#12 /Applications/XAMPP/xamppfiles/htdocs/coach/system/CLI/Console.php(86): CodeIgniter\CodeIgniter->run()
#13 /Applications/XAMPP/xamppfiles/htdocs/coach/spark(57): CodeIgniter\CLI\Console->run()
#14 {main}
CRITICAL - 2020-12-25 12:35:06 --> Unable to connect to the database.
#0 /Applications/XAMPP/xamppfiles/htdocs/coach/system/Database/BaseConnection.php(646): CodeIgniter\Database\BaseConnection->initialize()
#1 /Applications/XAMPP/xamppfiles/htdocs/coach/system/Database/BaseConnection.php(1548): CodeIgniter\Database\BaseConnection->query('SHOW TABLES FRO...')
#2 /Applications/XAMPP/xamppfiles/htdocs/coach/system/Database/BaseConnection.php(1591): CodeIgniter\Database\BaseConnection->listTables()
#3 /Applications/XAMPP/xamppfiles/htdocs/coach/system/Database/MigrationRunner.php(945): CodeIgniter\Database\BaseConnection->tableExists('migrations')
#4 /Applications/XAMPP/xamppfiles/htdocs/coach/system/Database/MigrationRunner.php(193): CodeIgniter\Database\MigrationRunner->ensureTable()
#5 /Applications/XAMPP/xamppfiles/htdocs/coach/system/Commands/Database/Migrate.php(128): CodeIgniter\Database\MigrationRunner->latest(NULL)
#6 /Applications/XAMPP/xamppfiles/htdocs/coach/system/CLI/Commands.php(100): CodeIgniter\Commands\Database\Migrate->run(Array)
#7 /Applications/XAMPP/xamppfiles/htdocs/coach/system/CLI/CommandRunner.php(107): CodeIgniter\CLI\Commands->run('migrate', Array)
#8 /Applications/XAMPP/xamppfiles/htdocs/coach/system/CLI/CommandRunner.php(85): CodeIgniter\CLI\CommandRunner->index(Array)
#9 /Applications/XAMPP/xamppfiles/htdocs/coach/system/CodeIgniter.php(914): CodeIgniter\CLI\CommandRunner->_remap('index', 'migrate')
#10 /Applications/XAMPP/xamppfiles/htdocs/coach/system/CodeIgniter.php(404): CodeIgniter\CodeIgniter->runController(Object(CodeIgniter\CLI\CommandRunner))
#11 /Applications/XAMPP/xamppfiles/htdocs/coach/system/CodeIgniter.php(312): CodeIgniter\CodeIgniter->handleRequest(NULL, Object(Config\Cache), false)
#12 /Applications/XAMPP/xamppfiles/htdocs/coach/system/CLI/Console.php(86): CodeIgniter\CodeIgniter->run()
#13 /Applications/XAMPP/xamppfiles/htdocs/coach/spark(57): CodeIgniter\CLI\Console->run()
#14 {main}
CRITICAL - 2020-12-25 12:35:33 --> Unable to connect to the database.
#0 /Applications/XAMPP/xamppfiles/htdocs/coach/system/Database/BaseConnection.php(646): CodeIgniter\Database\BaseConnection->initialize()
#1 /Applications/XAMPP/xamppfiles/htdocs/coach/system/Database/BaseConnection.php(1548): CodeIgniter\Database\BaseConnection->query('SHOW TABLES FRO...')
#2 /Applications/XAMPP/xamppfiles/htdocs/coach/system/Database/BaseConnection.php(1591): CodeIgniter\Database\BaseConnection->listTables()
#3 /Applications/XAMPP/xamppfiles/htdocs/coach/system/Database/MigrationRunner.php(945): CodeIgniter\Database\BaseConnection->tableExists('migrations')
#4 /Applications/XAMPP/xamppfiles/htdocs/coach/system/Database/MigrationRunner.php(193): CodeIgniter\Database\MigrationRunner->ensureTable()
#5 /Applications/XAMPP/xamppfiles/htdocs/coach/system/Commands/Database/Migrate.php(128): CodeIgniter\Database\MigrationRunner->latest(NULL)
#6 /Applications/XAMPP/xamppfiles/htdocs/coach/system/CLI/Commands.php(100): CodeIgniter\Commands\Database\Migrate->run(Array)
#7 /Applications/XAMPP/xamppfiles/htdocs/coach/system/CLI/CommandRunner.php(107): CodeIgniter\CLI\Commands->run('migrate', Array)
#8 /Applications/XAMPP/xamppfiles/htdocs/coach/system/CLI/CommandRunner.php(85): CodeIgniter\CLI\CommandRunner->index(Array)
#9 /Applications/XAMPP/xamppfiles/htdocs/coach/system/CodeIgniter.php(914): CodeIgniter\CLI\CommandRunner->_remap('index', 'migrate')
#10 /Applications/XAMPP/xamppfiles/htdocs/coach/system/CodeIgniter.php(404): CodeIgniter\CodeIgniter->runController(Object(CodeIgniter\CLI\CommandRunner))
#11 /Applications/XAMPP/xamppfiles/htdocs/coach/system/CodeIgniter.php(312): CodeIgniter\CodeIgniter->handleRequest(NULL, Object(Config\Cache), false)
#12 /Applications/XAMPP/xamppfiles/htdocs/coach/system/CLI/Console.php(86): CodeIgniter\CodeIgniter->run()
#13 /Applications/XAMPP/xamppfiles/htdocs/coach/spark(57): CodeIgniter\CLI\Console->run()
#14 {main}
CRITICAL - 2020-12-25 22:44:16 --> Undefined variable: title
#0 /Applications/XAMPP/xamppfiles/htdocs/coach/app/Views/layout/template.php(6): CodeIgniter\Debug\Exceptions->errorHandler(8, 'Undefined varia...', '/Applications/X...', 6, Array)
#1 /Applications/XAMPP/xamppfiles/htdocs/coach/system/View/View.php(246): include('/Applications/X...')
#2 /Applications/XAMPP/xamppfiles/htdocs/coach/system/View/View.php(257): CodeIgniter\View\View->render('layout/template', Array, true)
#3 /Applications/XAMPP/xamppfiles/htdocs/coach/system/Common.php(1119): CodeIgniter\View\View->render('pages/home', Array, true)
#4 /Applications/XAMPP/xamppfiles/htdocs/coach/app/Controllers/Home.php(7): view('pages/home')
#5 /Applications/XAMPP/xamppfiles/htdocs/coach/system/CodeIgniter.php(918): App\Controllers\Home->index()
#6 /Applications/XAMPP/xamppfiles/htdocs/coach/system/CodeIgniter.php(404): CodeIgniter\CodeIgniter->runController(Object(App\Controllers\Home))
#7 /Applications/XAMPP/xamppfiles/htdocs/coach/system/CodeIgniter.php(312): CodeIgniter\CodeIgniter->handleRequest(NULL, Object(Config\Cache), false)
#8 /Applications/XAMPP/xamppfiles/htdocs/coach/public/index.php(45): CodeIgniter\CodeIgniter->run()
#9 /Applications/XAMPP/xamppfiles/htdocs/coach/system/Commands/Server/rewrite.php(34): require_once('/Applications/X...')
#10 {main}
CRITICAL - 2020-12-25 22:44:43 --> Undefined variable: title
#0 /Applications/XAMPP/xamppfiles/htdocs/coach/app/Views/layout/template.php(6): CodeIgniter\Debug\Exceptions->errorHandler(8, 'Undefined varia...', '/Applications/X...', 6, Array)
#1 /Applications/XAMPP/xamppfiles/htdocs/coach/system/View/View.php(246): include('/Applications/X...')
#2 /Applications/XAMPP/xamppfiles/htdocs/coach/system/View/View.php(257): CodeIgniter\View\View->render('layout/template', Array, true)
#3 /Applications/XAMPP/xamppfiles/htdocs/coach/system/Common.php(1119): CodeIgniter\View\View->render('pages/home', Array, true)
#4 /Applications/XAMPP/xamppfiles/htdocs/coach/app/Controllers/Home.php(10): view('pages/home')
#5 /Applications/XAMPP/xamppfiles/htdocs/coach/system/CodeIgniter.php(918): App\Controllers\Home->index()
#6 /Applications/XAMPP/xamppfiles/htdocs/coach/system/CodeIgniter.php(404): CodeIgniter\CodeIgniter->runController(Object(App\Controllers\Home))
#7 /Applications/XAMPP/xamppfiles/htdocs/coach/system/CodeIgniter.php(312): CodeIgniter\CodeIgniter->handleRequest(NULL, Object(Config\Cache), false)
#8 /Applications/XAMPP/xamppfiles/htdocs/coach/public/index.php(45): CodeIgniter\CodeIgniter->run()
#9 /Applications/XAMPP/xamppfiles/htdocs/coach/system/Commands/Server/rewrite.php(34): require_once('/Applications/X...')
#10 {main}
CRITICAL - 2020-12-25 22:44:44 --> Undefined variable: title
#0 /Applications/XAMPP/xamppfiles/htdocs/coach/app/Views/layout/template.php(6): CodeIgniter\Debug\Exceptions->errorHandler(8, 'Undefined varia...', '/Applications/X...', 6, Array)
#1 /Applications/XAMPP/xamppfiles/htdocs/coach/system/View/View.php(246): include('/Applications/X...')
#2 /Applications/XAMPP/xamppfiles/htdocs/coach/system/View/View.php(257): CodeIgniter\View\View->render('layout/template', Array, true)
#3 /Applications/XAMPP/xamppfiles/htdocs/coach/system/Common.php(1119): CodeIgniter\View\View->render('pages/home', Array, true)
#4 /Applications/XAMPP/xamppfiles/htdocs/coach/app/Controllers/Home.php(10): view('pages/home')
#5 /Applications/XAMPP/xamppfiles/htdocs/coach/system/CodeIgniter.php(918): App\Controllers\Home->index()
#6 /Applications/XAMPP/xamppfiles/htdocs/coach/system/CodeIgniter.php(404): CodeIgniter\CodeIgniter->runController(Object(App\Controllers\Home))
#7 /Applications/XAMPP/xamppfiles/htdocs/coach/system/CodeIgniter.php(312): CodeIgniter\CodeIgniter->handleRequest(NULL, Object(Config\Cache), false)
#8 /Applications/XAMPP/xamppfiles/htdocs/coach/public/index.php(45): CodeIgniter\CodeIgniter->run()
#9 /Applications/XAMPP/xamppfiles/htdocs/coach/system/Commands/Server/rewrite.php(34): require_once('/Applications/X...')
#10 {main}
